TN:
SF:C:\msys64\mingw64\include\c++\14.1.0\iomanip
FN:232,_ZSt4setwi
FNDA:5000,_ZSt4setwi
FNF:1
FNH:1
DA:232,5000
DA:233,5000
LF:2
LH:2
end_of_record
SF:C:\msys64\mingw64\include\c++\14.1.0\bits\stl_uninitialized.h
FN:145,_ZNSt20__uninitialized_copyILb1EE13__uninit_copyISt13move_iteratorIPiES3_EET0_T_S6_S5_
FNDA:0,_ZNSt20__uninitialized_copyILb1EE13__uninit_copyISt13move_iteratorIPiES3_EET0_T_S6_S5_
FN:163,_ZSt18uninitialized_copyISt13move_iteratorIPiES1_ET0_T_S4_S3_
FNDA:0,_ZSt18uninitialized_copyISt13move_iteratorIPiES1_ET0_T_S4_S3_
FN:366,_ZSt22__uninitialized_copy_aISt13move_iteratorIPiES1_iET0_T_S4_S3_RSaIT1_E
FNDA:0,_ZSt22__uninitialized_copy_aISt13move_iteratorIPiES1_iET0_T_S4_S3_RSaIT1_E
FN:393,_ZSt34__uninitialized_move_if_noexcept_aIPiS0_SaIiEET0_T_S3_S2_RT1_
FNDA:0,_ZSt34__uninitialized_move_if_noexcept_aIPiS0_SaIiEET0_T_S3_S2_RT1_
FN:1112,_ZSt14__relocate_a_1IiiENSt9enable_ifIXsrSt24__is_bitwise_relocatableIT_vE5valueEPS2_E4typeES4_S4_S4_RSaIT0_E
FNDA:14,_ZSt14__relocate_a_1IiiENSt9enable_ifIXsrSt24__is_bitwise_relocatableIT_vE5valueEPS2_E4typeES4_S4_S4_RSaIT0_E
FN:1139,_ZSt12__relocate_aIPiS0_SaIiEET0_T_S3_S2_RT1_
FNDA:14,_ZSt12__relocate_aIPiS0_SaIiEET0_T_S3_S2_RT1_
FNF:6
FNH:2
DA:145,0
DA:147,0
DA:163,0
DA:174,0
DA:181,0
DA:185,0
DA:366,0
DA:373,0
DA:393,0
DA:399,0
DA:400,0
DA:1112,14
DA:1116,14
DA:1117,14
DA:1129,13
DA:1131,14
DA:1139,14
DA:1145,14
DA:1147,14
LF:19
LH:8
end_of_record
SF:C:\workspace\matrixGenerator\source\PrintRandomNumbers.cpp
FN:6,_ZN18PrintRandomNumbersC2ER23RandomGeneratorAbstract
FNDA:2,_ZN18PrintRandomNumbersC2ER23RandomGeneratorAbstract
FN:9,_ZN18PrintRandomNumbers19printChoosenNumbersEj
FNDA:2,_ZN18PrintRandomNumbers19printChoosenNumbersEj
FN:26,_ZN18PrintRandomNumbers18saveChoosenNumbersEv
FNDA:2,_ZN18PrintRandomNumbers18saveChoosenNumbersEv
FN:45,_ZN18PrintRandomNumbers17readRandomNumbersEv
FNDA:2,_ZN18PrintRandomNumbers17readRandomNumbersEv
FNF:4
FNH:4
DA:6,2
DA:7,2
DA:9,2
DA:11,2
DA:13,10002
DA:15,10000
DA:17,10000
DA:19,10000
DA:21,50
DA:24,2
DA:26,2
DA:28,2
DA:30,2
DA:32,0
DA:36,10002
DA:38,10000
DA:41,2
DA:43,2
DA:45,2
DA:47,2
DA:48,2
DA:50,2
DA:52,2
DA:54,0
DA:58,2
DA:59,2
DA:61,2
DA:63,0
DA:66,2
DA:68,2
LF:30
LH:27
end_of_record
SF:C:\msys64\mingw64\include\c++\14.1.0\bits\allocator.h
DA:161,1
LF:1
LH:1
end_of_record
SF:C:\msys64\mingw64\include\c++\14.1.0\bits\new_allocator.h
FN:126,_ZNSt15__new_allocatorIiE8allocateEyPKv
FNDA:14,_ZNSt15__new_allocatorIiE8allocateEyPKv
FN:156,_ZNSt15__new_allocatorIiE10deallocateEPiy
FNDA:0,_ZNSt15__new_allocatorIiE10deallocateEPiy
FNF:2
FNH:1
DA:88,1
DA:126,14
DA:134,14
DA:138,0
DA:139,0
DA:140,0
DA:151,14
DA:156,0
DA:172,0
DA:173,0
DA:183,28
DA:191,5000
DA:233,42
LF:13
LH:7
end_of_record
SF:C:\msys64\mingw64\include\c++\14.1.0\bits\vector.tcc
FN:111,_ZNSt6vectorIiSaIiEE12emplace_backIJiEEEvDpOT_
FNDA:5000,_ZNSt6vectorIiSaIiEE12emplace_backIJiEEEvDpOT_
FN:581,_ZNSt6vectorIiSaIiEE17_M_realloc_appendIJiEEEvDpOT_
FNDA:14,_ZNSt6vectorIiSaIiEE17_M_realloc_appendIJiEEEvDpOT_
FN:607,_ZZNSt6vectorIiSaIiEE17_M_realloc_appendIJiEEEvDpOT_EN6_GuardC1EPiyRS0_
FNDA:14,_ZZNSt6vectorIiSaIiEE17_M_realloc_appendIJiEEEvDpOT_EN6_GuardC1EPiyRS0_
FN:612,_ZZNSt6vectorIiSaIiEE17_M_realloc_appendIJiEEEvDpOT_EN6_GuardD1Ev
FNDA:14,_ZZNSt6vectorIiSaIiEE17_M_realloc_appendIJiEEEvDpOT_EN6_GuardD1Ev
FN:661,_ZZNSt6vectorIiSaIiEE17_M_realloc_appendIJiEEEvDpOT_EN11_Guard_eltsC1EPiRS0_
FNDA:0,_ZZNSt6vectorIiSaIiEE17_M_realloc_appendIJiEEEvDpOT_EN11_Guard_eltsC1EPiRS0_
FN:666,_ZZNSt6vectorIiSaIiEE17_M_realloc_appendIJiEEEvDpOT_EN11_Guard_eltsD1Ev
FNDA:0,_ZZNSt6vectorIiSaIiEE17_M_realloc_appendIJiEEEvDpOT_EN11_Guard_eltsD1Ev
FNF:6
FNH:4
DA:111,5000
DA:114,5000
DA:117,4986
DA:119,4986
DA:123,14
DA:127,5000
DA:581,14
DA:590,14
DA:591,14
DA:592,0
DA:593,14
DA:594,14
DA:595,14
DA:596,14
DA:597,14
DA:607,14
DA:608,14
DA:609,14
DA:612,14
DA:614,14
DA:616,13
DA:617,14
DA:624,14
DA:634,28
DA:635,14
DA:644,14
DA:647,14
DA:648,14
DA:649,14
DA:661,0
DA:662,0
DA:663,0
DA:666,0
DA:667,0
DA:674,0
DA:676,0
DA:678,0
DA:680,0
DA:683,0
DA:684,0
DA:685,0
DA:686,14
DA:687,14
DA:688,14
DA:692,14
DA:693,14
DA:694,14
DA:695,14
LF:48
LH:35
end_of_record
SF:C:\msys64\mingw64\include\c++\14.1.0\bits\stl_iterator.h
FN:1067,_ZN9__gnu_cxx17__normal_iteratorIPiSt6vectorIiSaIiEEEC1ERKS1_
FNDA:30,_ZN9__gnu_cxx17__normal_iteratorIPiSt6vectorIiSaIiEEEC1ERKS1_
FN:1090,_ZNK9__gnu_cxx17__normal_iteratorIPiSt6vectorIiSaIiEEEdeEv
FNDA:10000,_ZNK9__gnu_cxx17__normal_iteratorIPiSt6vectorIiSaIiEEEdeEv
FN:1100,_ZN9__gnu_cxx17__normal_iteratorIPiSt6vectorIiSaIiEEEppEv
FNDA:10000,_ZN9__gnu_cxx17__normal_iteratorIPiSt6vectorIiSaIiEEEppEv
FN:1153,_ZNK9__gnu_cxx17__normal_iteratorIPiSt6vectorIiSaIiEEE4baseEv
FNDA:10030,_ZNK9__gnu_cxx17__normal_iteratorIPiSt6vectorIiSaIiEEE4baseEv
FN:1232,_ZN9__gnu_cxxneIPiSt6vectorIiSaIiEEEEbRKNS_17__normal_iteratorIT_T0_EESA_
FNDA:10002,_ZN9__gnu_cxxneIPiSt6vectorIiSaIiEEEEbRKNS_17__normal_iteratorIT_T0_EESA_
FN:1325,_ZN9__gnu_cxxmiIPiSt6vectorIiSaIiEEEENS_17__normal_iteratorIT_T0_E15difference_typeERKS8_SB_
FNDA:14,_ZN9__gnu_cxxmiIPiSt6vectorIiSaIiEEEENS_17__normal_iteratorIT_T0_E15difference_typeERKS8_SB_
FN:1508,_ZNSt13move_iteratorIPiEC1ES0_
FNDA:0,_ZNSt13move_iteratorIPiEC1ES0_
FN:1534,_ZNKSt13move_iteratorIPiE4baseEv
FNDA:0,_ZNKSt13move_iteratorIPiE4baseEv
FN:1821,_ZSt32__make_move_if_noexcept_iteratorIiSt13move_iteratorIPiEET0_PT_
FNDA:0,_ZSt32__make_move_if_noexcept_iteratorIiSt13move_iteratorIPiEET0_PT_
FN:2969,_ZSt12__miter_baseIPiEDTcl12__miter_basecldtfp_4baseEEESt13move_iteratorIT_E
FNDA:0,_ZSt12__miter_baseIPiEDTcl12__miter_basecldtfp_4baseEEESt13move_iteratorIT_E
FNF:10
FNH:6
DA:1067,30
DA:1068,30
DA:1090,10000
DA:1091,10000
DA:1100,10000
DA:1102,10000
DA:1103,10000
DA:1153,10030
DA:1154,10030
DA:1232,10002
DA:1235,10002
DA:1325,14
DA:1328,14
DA:1508,0
DA:1509,0
DA:1534,0
DA:1535,0
DA:1821,0
DA:1822,0
DA:2969,0
DA:2971,0
LF:21
LH:13
end_of_record
SF:C:\msys64\mingw64\include\c++\14.1.0\bits\stl_construct.h
FN:172,_ZNSt12_Destroy_auxILb1EE9__destroyIPiEEvT_S3_
FNDA:0,_ZNSt12_Destroy_auxILb1EE9__destroyIPiEEvT_S3_
FN:182,_ZSt8_DestroyIPiEvT_S1_
FNDA:0,_ZSt8_DestroyIPiEvT_S1_
FNF:2
FNH:0
DA:172,0
DA:182,0
DA:196,0
DA:197,0
LF:4
LH:0
end_of_record
SF:C:\msys64\mingw64\include\c++\14.1.0\bits\ptr_traits.h
FN:205,_ZSt12__to_addressIiEPT_S1_
FNDA:14,_ZSt12__to_addressIiEPT_S1_
FNF:1
FNH:1
DA:205,14
DA:208,14
LF:2
LH:2
end_of_record
SF:C:\msys64\mingw64\include\c++\14.1.0\bits\stl_vector.h
FN:98,_ZNSt12_Vector_baseIiSaIiEE17_Vector_impl_dataC2Ev
FNDA:1,_ZNSt12_Vector_baseIiSaIiEE17_Vector_impl_dataC2Ev
FN:136,_ZNSt12_Vector_baseIiSaIiEE12_Vector_implC1Ev
FNDA:1,_ZNSt12_Vector_baseIiSaIiEE12_Vector_implC1Ev
FN:300,_ZNSt12_Vector_baseIiSaIiEE19_M_get_Tp_allocatorEv
FNDA:0,_ZNSt12_Vector_baseIiSaIiEE19_M_get_Tp_allocatorEv
FN:305,_ZNKSt12_Vector_baseIiSaIiEE19_M_get_Tp_allocatorEv
FNDA:28,_ZNKSt12_Vector_baseIiSaIiEE19_M_get_Tp_allocatorEv
FN:314,_ZNSt12_Vector_baseIiSaIiEEC2Ev
FNDA:1,_ZNSt12_Vector_baseIiSaIiEEC2Ev
FN:377,_ZNSt12_Vector_baseIiSaIiEE11_M_allocateEy
FNDA:14,_ZNSt12_Vector_baseIiSaIiEE11_M_allocateEy
FN:470,_ZNSt6vectorIiSaIiEE19_S_nothrow_relocateESt17integral_constantIbLb1EE
FNDA:14,_ZNSt6vectorIiSaIiEE19_S_nothrow_relocateESt17integral_constantIbLb1EE
FN:483,_ZNSt6vectorIiSaIiEE15_S_use_relocateEv
FNDA:14,_ZNSt6vectorIiSaIiEE15_S_use_relocateEv
FN:492,_ZNSt6vectorIiSaIiEE14_S_do_relocateEPiS2_S2_RS0_St17integral_constantIbLb1EE
FNDA:14,_ZNSt6vectorIiSaIiEE14_S_do_relocateEPiS2_S2_RS0_St17integral_constantIbLb1EE
FN:504,_ZNSt6vectorIiSaIiEE11_S_relocateEPiS2_S2_RS0_
FNDA:14,_ZNSt6vectorIiSaIiEE11_S_relocateEPiS2_S2_RS0_
FN:531,_ZNSt6vectorIiSaIiEEC1Ev
FNDA:1,_ZNSt6vectorIiSaIiEEC1Ev
FN:873,_ZNSt6vectorIiSaIiEE5beginEv
FNDA:15,_ZNSt6vectorIiSaIiEE5beginEv
FN:893,_ZNSt6vectorIiSaIiEE3endEv
FNDA:15,_ZNSt6vectorIiSaIiEE3endEv
FN:992,_ZNKSt6vectorIiSaIiEE4sizeEv
FNDA:56,_ZNKSt6vectorIiSaIiEE4sizeEv
FN:998,_ZNKSt6vectorIiSaIiEE8max_sizeEv
FNDA:28,_ZNKSt6vectorIiSaIiEE8max_sizeEv
FN:1300,_ZNSt6vectorIiSaIiEE9push_backEOi
FNDA:5000,_ZNSt6vectorIiSaIiEE9push_backEOi
FN:1906,_ZNKSt6vectorIiSaIiEE12_M_check_lenEyPKc
FNDA:14,_ZNKSt6vectorIiSaIiEE12_M_check_lenEyPKc
FN:1926,_ZNSt6vectorIiSaIiEE11_S_max_sizeERKS0_
FNDA:28,_ZNSt6vectorIiSaIiEE11_S_max_sizeERKS0_
FNF:18
FNH:17
DA:98,1
DA:99,1
DA:100,1
DA:136,1
DA:141,1
DA:142,1
DA:300,0
DA:301,0
DA:305,28
DA:306,28
DA:314,1
DA:377,14
DA:380,28
DA:470,14
DA:475,14
DA:483,14
DA:488,14
DA:492,14
DA:495,14
DA:504,14
DA:512,14
DA:531,1
DA:873,15
DA:874,15
DA:893,15
DA:894,15
DA:992,56
DA:993,56
DA:998,28
DA:999,28
DA:1300,5000
DA:1301,5000
DA:1906,14
DA:1908,14
DA:1909,0
DA:1911,14
DA:1912,14
DA:1926,28
DA:1931,28
DA:1933,28
DA:1934,28
LF:41
LH:38
end_of_record
SF:C:\msys64\mingw64\include\c++\14.1.0\new
FN:179,_ZnwyPv
FNDA:5000,_ZnwyPv
FNF:1
FNH:1
DA:179,5000
DA:180,5000
LF:2
LH:2
end_of_record
SF:C:\msys64\mingw64\include\c++\14.1.0\bits\cpp_type_traits.h
FN:607,_ZSt12__miter_baseIPiET_S1_
FNDA:0,_ZSt12__miter_baseIPiET_S1_
FNF:1
FNH:0
DA:607,0
DA:608,0
LF:2
LH:0
end_of_record
SF:C:\msys64\mingw64\include\c++\14.1.0\bits\move.h
FN:70,_ZSt7forwardIiEOT_RNSt16remove_referenceIS0_E4typeE
FNDA:15014,_ZSt7forwardIiEOT_RNSt16remove_referenceIS0_E4typeE
FN:126,_ZSt4moveIRPiEONSt16remove_referenceIT_E4typeEOS3_
FNDA:0,_ZSt4moveIRPiEONSt16remove_referenceIT_E4typeEOS3_
FN:126,_ZSt4moveIRiEONSt16remove_referenceIT_E4typeEOS2_
FNDA:5000,_ZSt4moveIRiEONSt16remove_referenceIT_E4typeEOS2_
FNF:3
FNH:2
DA:70,15014
DA:71,15014
DA:126,0
DA:127,0
DA:126,5000
DA:127,5000
LF:6
LH:4
end_of_record
SF:C:\msys64\mingw64\include\c++\14.1.0\bits\alloc_traits.h
DA:478,14
DA:513,13
DA:534,5000
DA:538,5000
DA:570,28
DA:944,0
DA:945,0
LF:7
LH:5
end_of_record
SF:C:\msys64\mingw64\include\c++\14.1.0\bits\stl_algobase.h
FN:233,_ZSt3minIyERKT_S2_S2_
FNDA:28,_ZSt3minIyERKT_S2_S2_
FN:257,_ZSt3maxIyERKT_S2_S2_
FNDA:14,_ZSt3maxIyERKT_S2_S2_
FN:316,_ZSt12__niter_baseIPiET_S1_
FNDA:42,_ZSt12__niter_baseIPiET_S1_
FN:353,_ZSt12__niter_wrapIPiET_RKS1_S1_
FNDA:0,_ZSt12__niter_wrapIPiET_RKS1_S1_
FN:437,_ZNSt11__copy_moveILb1ELb0ESt26random_access_iterator_tagE12__assign_oneIiiEEvPT_PT0_
FNDA:0,_ZNSt11__copy_moveILb1ELb0ESt26random_access_iterator_tagE12__assign_oneIiiEEvPT_PT0_
FN:448,_ZNSt11__copy_moveILb1ELb1ESt26random_access_iterator_tagE8__copy_mIiiEEPT0_PT_S6_S4_
FNDA:0,_ZNSt11__copy_moveILb1ELb1ESt26random_access_iterator_tagE8__copy_mIiiEEPT0_PT_S6_S4_
FN:512,_ZSt14__copy_move_a2ILb1EPiS0_ET1_T0_S2_S1_
FNDA:0,_ZSt14__copy_move_a2ILb1EPiS0_ET1_T0_S2_S1_
FN:547,_ZSt14__copy_move_a1ILb1EPiS0_ET1_T0_S2_S1_
FNDA:0,_ZSt14__copy_move_a1ILb1EPiS0_ET1_T0_S2_S1_
FN:553,_ZSt13__copy_move_aILb1EPiS0_ET1_T0_S2_S1_
FNDA:0,_ZSt13__copy_move_aILb1EPiS0_ET1_T0_S2_S1_
FN:642,_ZSt4copyISt13move_iteratorIPiES1_ET0_T_S4_S3_
FNDA:0,_ZSt4copyISt13move_iteratorIPiES1_ET0_T_S4_S3_
FNF:10
FNH:3
DA:233,28
DA:238,28
DA:239,0
DA:240,28
DA:257,14
DA:262,14
DA:263,1
DA:264,13
DA:316,42
DA:318,42
DA:353,0
DA:354,0
DA:437,0
DA:438,0
DA:448,0
DA:450,0
DA:451,0
DA:452,0
DA:453,0
DA:455,0
DA:456,0
DA:512,0
DA:521,0
DA:547,0
DA:548,0
DA:553,0
DA:555,0
DA:558,0
DA:642,0
DA:651,0
LF:30
LH:9
end_of_record
TN:
SF:C:\msys64\mingw64\include\c++\14.1.0\bits\uniform_int_dist.h
FN:104,_ZNSt24uniform_int_distributionIiE10param_typeC1Eii
FNDA:20001,_ZNSt24uniform_int_distributionIiE10param_typeC1Eii
FN:112,_ZNKSt24uniform_int_distributionIiE10param_type1aEv
FNDA:40002,_ZNKSt24uniform_int_distributionIiE10param_type1aEv
FN:116,_ZNKSt24uniform_int_distributionIiE10param_type1bEv
FNDA:20001,_ZNKSt24uniform_int_distributionIiE10param_type1bEv
FN:142,_ZNSt24uniform_int_distributionIiEC1Eii
FNDA:20001,_ZNSt24uniform_int_distributionIiEC1Eii
FN:203,_ZNSt24uniform_int_distributionIiEclISt23mersenne_twister_engineIjLy32ELy624ELy397ELy31ELj2567483615ELy11ELj4294967295ELy7ELj2636928640ELy15ELj4022730752ELy18ELj1812433253EEEEiRT_
FNDA:20001,_ZNSt24uniform_int_distributionIiEclISt23mersenne_twister_engineIjLy32ELy624ELy397ELy31ELj2567483615ELy11ELj4294967295ELy7ELj2636928640ELy15ELj4022730752ELy18ELj1812433253EEEEiRT_
FN:257,_ZNSt24uniform_int_distributionIiE5_S_ndIySt23mersenne_twister_engineIjLy32ELy624ELy397ELy31ELj2567483615ELy11ELj4294967295ELy7ELj2636928640ELy15ELj4022730752ELy18ELj1812433253EEjEET1_RT0_S4_
FNDA:20001,_ZNSt24uniform_int_distributionIiE5_S_ndIySt23mersenne_twister_engineIjLy32ELy624ELy397ELy31ELj2567483615ELy11ELj4294967295ELy7ELj2636928640ELy15ELj4022730752ELy18ELj1812433253EEjEET1_RT0_S4_
FN:287,_ZNSt24uniform_int_distributionIiEclISt23mersenne_twister_engineIjLy32ELy624ELy397ELy31ELj2567483615ELy11ELj4294967295ELy7ELj2636928640ELy15ELj4022730752ELy18ELj1812433253EEEEiRT_RKNS0_10param_typeE
FNDA:20001,_ZNSt24uniform_int_distributionIiEclISt23mersenne_twister_engineIjLy32ELy624ELy397ELy31ELj2567483615ELy11ELj4294967295ELy7ELj2636928640ELy15ELj4022730752ELy18ELj1812433253EEEEiRT_RKNS0_10param_typeE
FNF:7
FNH:7
DA:104,20001
DA:106,20001
DA:108,20001
DA:109,20001
DA:112,40002
DA:113,40002
DA:116,20001
DA:117,20001
DA:142,20001
DA:145,20001
DA:146,20001
DA:203,20001
DA:204,20001
DA:257,20001
DA:269,20001
DA:270,20001
DA:271,20001
DA:273,0
DA:274,0
DA:276,0
DA:277,0
DA:280,20001
DA:287,20001
DA:295,20001
DA:296,20001
DA:299,20001
DA:301,20001
DA:302,20001
DA:305,20001
DA:309,20001
DA:327,20001
DA:328,20001
DA:370,0
DA:372,20001
LF:34
LH:29
end_of_record
SF:C:\workspace\matrixGenerator\include\RandomGenerator.hpp
FN:11,_ZN15RandomGeneratorD0Ev
FNDA:2,_ZN15RandomGeneratorD0Ev
FN:11,_ZN15RandomGeneratorD1Ev
FNDA:2,_ZN15RandomGeneratorD1Ev
FNF:2
FNH:2
DA:11,2
DA:11,2
LF:2
LH:2
end_of_record
SF:C:\workspace\matrixGenerator\include\RandomGeneratorAbstract.hpp
FN:8,_ZN23RandomGeneratorAbstractD2Ev
FNDA:2,_ZN23RandomGeneratorAbstractD2Ev
FNF:1
FNH:1
DA:8,2
LF:1
LH:1
end_of_record
SF:C:\msys64\mingw64\include\c++\14.1.0\bits\random.h
FN:244,_ZNSt8__detail4_ModIjLj624ELj1ELj0ELb1ELb1EE6__calcEj
FNDA:12460623,_ZNSt8__detail4_ModIjLj624ELj1ELj0ELb1ELb1EE6__calcEj
FN:244,_ZNSt8__detail4_ModIjLj0ELj1ELj0ELb1ELb0EE6__calcEj
FNDA:12480624,_ZNSt8__detail4_ModIjLj0ELj1ELj0ELb1ELb0EE6__calcEj
FN:255,_ZNSt8__detail5__modIjLj624ELj1ELj0EEET_S1_
FNDA:12460623,_ZNSt8__detail5__modIjLj624ELj1ELj0EEET_S1_
FN:255,_ZNSt8__detail5__modIjLj0ELj1ELj0EEET_S1_
FNDA:12480624,_ZNSt8__detail5__modIjLj0ELj1ELj0EEET_S1_
FN:647,_ZNSt23mersenne_twister_engineIjLy32ELy624ELy397ELy31ELj2567483615ELy11ELj4294967295ELy7ELj2636928640ELy15ELj4022730752ELy18ELj1812433253EEC1Ej
FNDA:20001,_ZNSt23mersenne_twister_engineIjLy32ELy624ELy397ELy31ELj2567483615ELy11ELj4294967295ELy7ELj2636928640ELy15ELj4022730752ELy18ELj1812433253EEC1Ej
FN:1760,_ZNSt13random_deviceC1Ev
FNDA:20001,_ZNSt13random_deviceC1Ev
FN:1765,_ZNSt13random_deviceD1Ev
FNDA:20001,_ZNSt13random_deviceD1Ev
FN:1781,_ZNSt13random_deviceclEv
FNDA:20001,_ZNSt13random_deviceclEv
FNF:8
FNH:8
DA:244,12460623
DA:246,12460623
DA:248,12460623
DA:249,12460623
DA:244,12480624
DA:246,12480624
DA:249,12480624
DA:255,12460623
DA:260,12460623
DA:255,12480624
DA:260,12480624
DA:647,20001
DA:648,20001
DA:1760,60003
DA:1765,20001
DA:1766,20001
DA:1781,20001
DA:1782,20001
LF:18
LH:18
end_of_record
SF:C:\msys64\mingw64\include\c++\14.1.0\bits\new_allocator.h
FN:104,_ZNSt15__new_allocatorIcED2Ev
FNDA:10000,_ZNSt15__new_allocatorIcED2Ev
FNF:1
FNH:1
DA:88,20001
DA:104,10000
LF:2
LH:2
end_of_record
SF:C:\workspace\matrixGenerator\source\RandomGenerator.cpp
FN:3,_ZN15RandomGenerator13initialValuesEii
FNDA:3,_ZN15RandomGenerator13initialValuesEii
FN:9,_ZN15RandomGenerator12randomNumberEv
FNDA:20001,_ZN15RandomGenerator12randomNumberEv
FNF:2
FNH:2
DA:3,3
DA:5,3
DA:6,3
DA:7,3
DA:9,20001
DA:11,20001
DA:12,20001
DA:13,20001
DA:15,20001
DA:17,20001
DA:18,20001
LF:11
LH:11
end_of_record
SF:C:\msys64\mingw64\include\c++\14.1.0\bits\stl_iterator_base_types.h
DA:240,0
LF:1
LH:0
end_of_record
SF:C:\msys64\mingw64\include\c++\14.1.0\bits\stl_iterator_base_funcs.h
DA:106,0
DA:151,0
DA:152,0
LF:3
LH:0
end_of_record
SF:C:\msys64\mingw64\include\c++\14.1.0\bits\char_traits.h
FN:385,_ZNSt11char_traitsIcE6lengthEPKc
FNDA:0,_ZNSt11char_traitsIcE6lengthEPKc
FNF:1
FNH:0
DA:385,0
DA:391,0
LF:2
LH:0
end_of_record
SF:C:\msys64\mingw64\include\c++\14.1.0\x86_64-w64-mingw32\bits\c++config.h
DA:550,20001
DA:606,0
LF:2
LH:1
end_of_record
SF:C:\msys64\mingw64\include\c++\14.1.0\bits\random.tcc
FN:326,_ZNSt23mersenne_twister_engineIjLy32ELy624ELy397ELy31ELj2567483615ELy11ELj4294967295ELy7ELj2636928640ELy15ELj4022730752ELy18ELj1812433253EE4seedEj
FNDA:20001,_ZNSt23mersenne_twister_engineIjLy32ELy624ELy397ELy31ELj2567483615ELy11ELj4294967295ELy7ELj2636928640ELy15ELj4022730752ELy18ELj1812433253EE4seedEj
FN:397,_ZNSt23mersenne_twister_engineIjLy32ELy624ELy397ELy31ELj2567483615ELy11ELj4294967295ELy7ELj2636928640ELy15ELj4022730752ELy18ELj1812433253EE11_M_gen_randEv
FNDA:20001,_ZNSt23mersenne_twister_engineIjLy32ELy624ELy397ELy31ELj2567483615ELy11ELj4294967295ELy7ELj2636928640ELy15ELj4022730752ELy18ELj1812433253EE11_M_gen_randEv
FN:453,_ZNSt23mersenne_twister_engineIjLy32ELy624ELy397ELy31ELj2567483615ELy11ELj4294967295ELy7ELj2636928640ELy15ELj4022730752ELy18ELj1812433253EEclEv
FNDA:20001,_ZNSt23mersenne_twister_engineIjLy32ELy624ELy397ELy31ELj2567483615ELy11ELj4294967295ELy7ELj2636928640ELy15ELj4022730752ELy18ELj1812433253EEclEv
FNF:3
FNH:3
DA:326,20001
DA:330,20001
DA:331,20001
DA:333,12480624
DA:335,12460623
DA:336,12460623
DA:337,12460623
DA:338,12460623
DA:339,12460623
DA:340,12460623
DA:342,20001
DA:343,20001
DA:397,20001
DA:401,20001
DA:402,20001
DA:404,4560228
DA:406,4540227
DA:407,4540227
DA:408,9080454
DA:409,4540227
DA:412,7940397
DA:414,7920396
DA:415,7920396
DA:416,15840792
DA:417,7920396
DA:420,20001
DA:421,20001
DA:422,40002
DA:423,20001
DA:424,20001
DA:425,20001
DA:453,20001
DA:458,20001
DA:459,20001
DA:462,20001
DA:463,20001
DA:464,20001
DA:465,20001
DA:466,20001
DA:468,20001
LF:40
LH:40
end_of_record
SF:C:\msys64\mingw64\include\c++\14.1.0\bits\basic_string.h
DA:360,0
LF:1
LH:0
end_of_record
SF:C:\msys64\mingw64\include\c++\14.1.0\bits\basic_string.tcc
FN:221,_ZNSt7__cxx1112basic_stringIcSt11char_traitsIcESaIcEE12_M_constructIPKcEEvT_S8_St20forward_iterator_tag
FNDA:0,_ZNSt7__cxx1112basic_stringIcSt11char_traitsIcESaIcEE12_M_constructIPKcEEvT_S8_St20forward_iterator_tag
FN:239,_ZZNSt7__cxx1112basic_stringIcSt11char_traitsIcESaIcEE12_M_constructIPKcEEvT_S8_St20forward_iterator_tagEN6_GuardC1EPS4_
FNDA:0,_ZZNSt7__cxx1112basic_stringIcSt11char_traitsIcESaIcEE12_M_constructIPKcEEvT_S8_St20forward_iterator_tagEN6_GuardC1EPS4_
FN:242,_ZZNSt7__cxx1112basic_stringIcSt11char_traitsIcESaIcEE12_M_constructIPKcEEvT_S8_St20forward_iterator_tagEN6_GuardD1Ev
FNDA:0,_ZZNSt7__cxx1112basic_stringIcSt11char_traitsIcESaIcEE12_M_constructIPKcEEvT_S8_St20forward_iterator_tagEN6_GuardD1Ev
FNF:3
FNH:0
DA:221,0
DA:225,0
DA:227,0
DA:229,0
DA:230,0
DA:239,0
DA:242,0
DA:245,0
DA:247,0
DA:249,0
DA:251,0
DA:252,0
LF:12
LH:0
end_of_record
SF:C:\msys64\mingw64\include\c++\14.1.0\bits\allocator.h
DA:161,20001
DA:182,20001
LF:2
LH:2
end_of_record
TN:
SF:C:\workspace\matrixGenerator\source\ReadWindowsSize.cpp
FN:5,_ZN15ReadWindowsSize14getWindowsSizeEv
FNDA:7,_ZN15ReadWindowsSize14getWindowsSizeEv
FN:21,_ZNK15ReadWindowsSize16getColumnNumbersEv
FNDA:4,_ZNK15ReadWindowsSize16getColumnNumbersEv
FN:26,_ZNK15ReadWindowsSize13getRowNumbersEv
FNDA:3,_ZNK15ReadWindowsSize13getRowNumbersEv
FN:31,_ZNK15ReadWindowsSize15saveWindowsSizeEv
FNDA:2,_ZNK15ReadWindowsSize15saveWindowsSizeEv
FNF:4
FNH:4
DA:5,7
DA:8,7
DA:10,0
DA:11,0
DA:15,7
DA:16,7
DA:17,7
DA:19,7
DA:21,4
DA:23,4
DA:26,3
DA:28,3
DA:31,2
DA:33,2
DA:35,2
DA:37,0
DA:38,0
DA:42,2
DA:43,2
DA:44,2
DA:46,2
LF:21
LH:17
end_of_record
TN:
SF:C:\workspace\matrixGenerator\source\TimeMeasurements.cpp
FN:3,_ZN16TimeMeasurements7runTaskEv
FNDA:3,_ZN16TimeMeasurements7runTaskEv
FN:8,_ZN16TimeMeasurements7endTaskEv
FNDA:3,_ZN16TimeMeasurements7endTaskEv
FN:13,_ZN16TimeMeasurements11measureTimeEv
FNDA:3,_ZN16TimeMeasurements11measureTimeEv
FN:20,_ZN16TimeMeasurements7getTimeEv
FNDA:1,_ZN16TimeMeasurements7getTimeEv
FNF:4
FNH:4
DA:3,3
DA:5,3
DA:6,3
DA:8,3
DA:10,3
DA:11,3
DA:13,3
DA:15,3
DA:17,3
DA:20,1
DA:22,1
DA:23,1
DA:25,1
DA:26,1
DA:28,1
DA:29,1
DA:31,1
DA:32,1
DA:34,1
DA:36,1
DA:37,1
DA:38,1
DA:39,1
LF:23
LH:23
end_of_record
SF:C:\msys64\mingw64\include\c++\14.1.0\bits\chrono.h
FN:210,_ZNSt6chrono20__duration_cast_implINS_8durationIdSt5ratioILx1ELx1EEEES2_ILx1ELx1000000000EEdLb1ELb0EE6__castIxS5_EES4_RKNS1_IT_T0_EE
FNDA:3,_ZNSt6chrono20__duration_cast_implINS_8durationIdSt5ratioILx1ELx1EEEES2_ILx1ELx1000000000EEdLb1ELb0EE6__castIxS5_EES4_RKNS1_IT_T0_EE
FN:275,_ZNSt6chrono13duration_castINS_8durationIdSt5ratioILx1ELx1EEEExS2_ILx1ELx1000000000EEEENSt9enable_ifIXsrNS_13__is_durationIT_EE5valueES8_E4typeERKNS1_IT0_T1_EE
FNDA:3,_ZNSt6chrono13duration_castINS_8durationIdSt5ratioILx1ELx1EEEExS2_ILx1ELx1000000000EEEENSt9enable_ifIXsrNS_13__is_durationIT_EE5valueES8_E4typeERKNS1_IT0_T1_EE
FN:573,_ZNSt6chrono8durationIdSt5ratioILx1ELx1EEEC1IdvEERKT_
FNDA:1,_ZNSt6chrono8durationIdSt5ratioILx1ELx1EEEC1IdvEERKT_
FN:573,_ZNSt6chrono8durationIxSt5ratioILx1ELx1000000000EEEC1IxvEERKT_
FNDA:1,_ZNSt6chrono8durationIxSt5ratioILx1ELx1000000000EEEC1IxvEERKT_
FN:581,_ZNSt6chrono8durationIdSt5ratioILx1ELx1EEEC1IxS1_ILx1ELx1000000000EEvEERKNS0_IT_T0_EE
FNDA:3,_ZNSt6chrono8durationIdSt5ratioILx1ELx1EEEC1IxS1_ILx1ELx1000000000EEvEERKNS0_IT_T0_EE
FN:589,_ZNKSt6chrono8durationIdSt5ratioILx1ELx1EEE5countEv
FNDA:7,_ZNKSt6chrono8durationIdSt5ratioILx1ELx1EEE5countEv
FN:589,_ZNKSt6chrono8durationIxSt5ratioILx1ELx1000000000EEE5countEv
FNDA:3,_ZNKSt6chrono8durationIxSt5ratioILx1ELx1000000000EEE5countEv
FN:710,_ZNSt6chronomiIxSt5ratioILx1ELx1000000000EExS2_EENSt11common_typeIJNS_8durationIT_T0_EENS4_IT1_T2_EEEE4typeERKS7_RKSA_
FNDA:1,_ZNSt6chronomiIxSt5ratioILx1ELx1000000000EExS2_EENSt11common_typeIJNS_8durationIT_T0_EENS4_IT1_T2_EEEE4typeERKS7_RKSA_
FN:949,_ZNKSt6chrono10time_pointINS_3_V212system_clockENS_8durationIxSt5ratioILx1ELx1000000000EEEEE16time_since_epochEv
FNDA:2,_ZNKSt6chrono10time_pointINS_3_V212system_clockENS_8durationIxSt5ratioILx1ELx1000000000EEEEE16time_since_epochEv
FN:1141,_ZNSt6chronomiINS_3_V212system_clockENS_8durationIxSt5ratioILx1ELx1000000000EEEES6_EENSt11common_typeIJT0_T1_EE4typeERKNS_10time_pointIT_S8_EERKNSC_ISD_S9_EE
FNDA:1,_ZNSt6chronomiINS_3_V212system_clockENS_8durationIxSt5ratioILx1ELx1000000000EEEES6_EENSt11common_typeIJT0_T1_EE4typeERKNS_10time_pointIT_S8_EERKNSC_ISD_S9_EE
FNF:10
FNH:10
DA:210,3
DA:213,6
DA:214,3
DA:275,3
DA:289,3
DA:573,1
DA:574,1
DA:573,1
DA:574,1
DA:581,3
DA:582,3
DA:589,7
DA:590,7
DA:589,3
DA:590,3
DA:710,1
DA:716,1
DA:949,2
DA:950,2
DA:1141,1
DA:1143,1
LF:21
LH:21
end_of_record
TN:
SF:C:\msys64\mingw64\include\c++\14.1.0\bits\char_traits.h
FN:385,_ZNSt11char_traitsIcE6lengthEPKc
FNDA:244,_ZNSt11char_traitsIcE6lengthEPKc
FN:419,_ZNSt11char_traitsIcE4copyEPcPKcy
FNDA:0,_ZNSt11char_traitsIcE4copyEPcPKcy
FNF:2
FNH:1
DA:385,244
DA:391,244
DA:419,0
DA:421,0
DA:422,0
DA:427,0
LF:6
LH:2
end_of_record
SF:C:\msys64\mingw64\include\c++\14.1.0\bits\new_allocator.h
FN:104,_ZNSt15__new_allocatorIiED2Ev
FNDA:2,_ZNSt15__new_allocatorIiED2Ev
FN:104,_ZNSt15__new_allocatorIcED2Ev
FNDA:11112,_ZNSt15__new_allocatorIcED2Ev
FN:126,_ZNSt15__new_allocatorIiE8allocateEyPKv
FNDA:39,_ZNSt15__new_allocatorIiE8allocateEyPKv
FN:156,_ZNSt15__new_allocatorIiE10deallocateEPiy
FNDA:34,_ZNSt15__new_allocatorIiE10deallocateEPiy
FNF:4
FNH:4
DA:88,7
DA:92,10
DA:104,2
DA:104,11112
DA:126,39
DA:134,39
DA:138,0
DA:139,0
DA:140,0
DA:151,39
DA:156,34
DA:172,34
DA:173,34
DA:183,78
DA:191,10013
DA:233,117
LF:16
LH:13
end_of_record
SF:C:\msys64\mingw64\include\c++\14.1.0\bits\allocator.h
DA:161,7
DA:166,10
DA:182,10
LF:3
LH:3
end_of_record
SF:C:\msys64\mingw64\include\c++\14.1.0\ext\string_conversions.h
FN:56,_ZN9__gnu_cxx6__stoaIlicJiEEET0_PFT_PKT1_PPS3_DpT2_EPKcS5_PyS9_
FNDA:5000,_ZN9__gnu_cxx6__stoaIlicJiEEET0_PFT_PKT1_PPS3_DpT2_EPKcS5_PyS9_
FN:65,_ZZN9__gnu_cxx6__stoaIlicJiEEET0_PFT_PKT1_PPS3_DpT2_EPKcS5_PyS9_EN11_Save_errnoC1Ev
FNDA:5000,_ZZN9__gnu_cxx6__stoaIlicJiEEET0_PFT_PKT1_PPS3_DpT2_EPKcS5_PyS9_EN11_Save_errnoC1Ev
FN:66,_ZZN9__gnu_cxx6__stoaIlicJiEEET0_PFT_PKT1_PPS3_DpT2_EPKcS5_PyS9_EN11_Save_errnoD1Ev
FNDA:5000,_ZZN9__gnu_cxx6__stoaIlicJiEEET0_PFT_PKT1_PPS3_DpT2_EPKcS5_PyS9_EN11_Save_errnoD1Ev
FN:75,_ZZN9__gnu_cxx6__stoaIlicJiEEET0_PFT_PKT1_PPS3_DpT2_EPKcS5_PyS9_EN10_Range_chk6_S_chkElSt17integral_constantIbLb1EE
FNDA:5000,_ZZN9__gnu_cxx6__stoaIlicJiEEET0_PFT_PKT1_PPS3_DpT2_EPKcS5_PyS9_EN10_Range_chk6_S_chkElSt17integral_constantIbLb1EE
FNF:4
FNH:4
DA:56,5000
DA:65,5000
DA:66,5000
DA:68,5000
DA:75,5000
DA:78,5000
DA:82,5000
DA:84,5000
DA:85,0
DA:86,5000
DA:87,5000
DA:88,0
DA:90,5000
DA:92,5000
DA:93,0
DA:95,5000
DA:96,5000
LF:17
LH:14
end_of_record
SF:C:\msys64\mingw64\include\c++\14.1.0\bits\basic_string.h
FN:3573,_ZSt12__str_concatINSt7__cxx1112basic_stringIcSt11char_traitsIcESaIcEEEET_PKNS6_10value_typeENS6_9size_typeES9_SA_RKNS6_14allocator_typeE
FNDA:10,_ZSt12__str_concatINSt7__cxx1112basic_stringIcSt11char_traitsIcESaIcEEEET_PKNS6_10value_typeENS6_9size_typeES9_SA_RKNS6_14allocator_typeE
FN:3616,_ZStplIcSt11char_traitsIcESaIcEENSt7__cxx1112basic_stringIT_T0_T1_EEPKS5_RKS8_
FNDA:0,_ZStplIcSt11char_traitsIcESaIcEENSt7__cxx1112basic_stringIT_T0_T1_EEPKS5_RKS8_
FN:4164,_ZNSt7__cxx114stoiERKNS_12basic_stringIcSt11char_traitsIcESaIcEEEPyi
FNDA:5000,_ZNSt7__cxx114stoiERKNS_12basic_stringIcSt11char_traitsIcESaIcEEEPyi
FNF:3
FNH:2
DA:360,0
DA:3573,10
DA:3581,10
DA:3582,10
DA:3583,10
DA:3584,10
DA:3585,10
DA:3586,0
DA:3616,0
DA:3623,0
DA:4164,5000
DA:4165,5000
DA:4166,5000
LF:13
LH:9
end_of_record
SF:C:\msys64\mingw64\include\c++\14.1.0\bits\stl_uninitialized.h
FN:145,_ZNSt20__uninitialized_copyILb1EE13__uninit_copyISt13move_iteratorIPiES3_EET0_T_S6_S5_
FNDA:0,_ZNSt20__uninitialized_copyILb1EE13__uninit_copyISt13move_iteratorIPiES3_EET0_T_S6_S5_
FN:163,_ZSt18uninitialized_copyISt13move_iteratorIPiES1_ET0_T_S4_S3_
FNDA:0,_ZSt18uninitialized_copyISt13move_iteratorIPiES1_ET0_T_S4_S3_
FN:366,_ZSt22__uninitialized_copy_aISt13move_iteratorIPiES1_iET0_T_S4_S3_RSaIT1_E
FNDA:0,_ZSt22__uninitialized_copy_aISt13move_iteratorIPiES1_iET0_T_S4_S3_RSaIT1_E
FN:393,_ZSt34__uninitialized_move_if_noexcept_aIPiS0_SaIiEET0_T_S3_S2_RT1_
FNDA:0,_ZSt34__uninitialized_move_if_noexcept_aIPiS0_SaIiEET0_T_S3_S2_RT1_
FN:1112,_ZSt14__relocate_a_1IiiENSt9enable_ifIXsrSt24__is_bitwise_relocatableIT_vE5valueEPS2_E4typeES4_S4_S4_RSaIT0_E
FNDA:39,_ZSt14__relocate_a_1IiiENSt9enable_ifIXsrSt24__is_bitwise_relocatableIT_vE5valueEPS2_E4typeES4_S4_S4_RSaIT0_E
FN:1139,_ZSt12__relocate_aIPiS0_SaIiEET0_T_S3_S2_RT1_
FNDA:39,_ZSt12__relocate_aIPiS0_SaIiEET0_T_S3_S2_RT1_
FNF:6
FNH:2
DA:145,0
DA:147,0
DA:163,0
DA:174,0
DA:181,0
DA:185,0
DA:366,0
DA:373,0
DA:393,0
DA:399,0
DA:400,0
DA:1112,39
DA:1116,39
DA:1117,39
DA:1129,32
DA:1131,39
DA:1139,39
DA:1145,39
DA:1147,39
LF:19
LH:8
end_of_record
SF:C:\workspace\matrixGenerator\tests\PrintRandomNumbersTest.cpp
FN:12,_ZN22PrintRandomNumbersTest5SetUpEv
FNDA:1,_ZN22PrintRandomNumbersTest5SetUpEv
FN:18,_ZN22PrintRandomNumbersTest8TearDownEv
FNDA:1,_ZN22PrintRandomNumbersTest8TearDownEv
FN:25,_ZN44PrintRandomNumbersTest_PrintNumbersTest_TestC1Ev
FNDA:1,_ZN44PrintRandomNumbersTest_PrintNumbersTest_TestC1Ev
FN:25,_ZN44PrintRandomNumbersTest_PrintNumbersTest_TestD0Ev
FNDA:1,_ZN44PrintRandomNumbersTest_PrintNumbersTest_TestD0Ev
FN:25,_ZN44PrintRandomNumbersTest_PrintNumbersTest_TestD1Ev
FNDA:1,_ZN44PrintRandomNumbersTest_PrintNumbersTest_TestD1Ev
FN:25,_ZN44PrintRandomNumbersTest_PrintNumbersTest_Test8TestBodyEv
FNDA:1,_ZN44PrintRandomNumbersTest_PrintNumbersTest_Test8TestBodyEv
FNF:6
FNH:6
DA:12,1
DA:14,1
DA:15,1
DA:16,1
DA:18,1
DA:20,1
DA:21,1
DA:22,1
DA:25,1
DA:25,1
DA:25,1
DA:25,1
DA:27,1
DA:29,1
DA:30,1
DA:32,1
DA:34,1
DA:35,1
DA:36,1
DA:38,5001
DA:39,5000
DA:42,1
LF:22
LH:22
end_of_record
SF:C:\workspace\matrixGenerator\build\_deps\googletest-src\googletest\include\gtest\internal\gtest-internal.h
FN:435,_ZN7testing8internal9GetTypeIdI22PrintRandomNumbersTestEEPKvv
FNDA:1,_ZN7testing8internal9GetTypeIdI22PrintRandomNumbersTestEEPKvv
FN:454,_ZN7testing8internal15TestFactoryBaseD2Ev
FNDA:0,_ZN7testing8internal15TestFactoryBaseD2Ev
FN:461,_ZN7testing8internal15TestFactoryBaseC2Ev
FNDA:9,_ZN7testing8internal15TestFactoryBaseC2Ev
FN:472,_ZN7testing8internal15TestFactoryImplI44PrintRandomNumbersTest_PrintNumbersTest_TestE10CreateTestEv
FNDA:1,_ZN7testing8internal15TestFactoryImplI44PrintRandomNumbersTest_PrintNumbersTest_TestE10CreateTestEv
FN:493,_ZN7testing8internal12CodeLocationC1ERKNSt7__cxx1112basic_stringIcSt11char_traitsIcESaIcEEEi
FNDA:9,_ZN7testing8internal12CodeLocationC1ERKNSt7__cxx1112basic_stringIcSt11char_traitsIcESaIcEEEi
FN:506,_ZN7testing8internal19GetNotDefaultOrNullEPFvvES2_
FNDA:36,_ZN7testing8internal19GetNotDefaultOrNullEPFvvES2_
FN:521,_ZN7testing8internal16SuiteApiResolverI22PrintRandomNumbersTestE19GetSetUpCaseOrSuiteEPKci
FNDA:1,_ZN7testing8internal16SuiteApiResolverI22PrintRandomNumbersTestE19GetSetUpCaseOrSuiteEPKci
FN:542,_ZN7testing8internal16SuiteApiResolverI22PrintRandomNumbersTestE22GetTearDownCaseOrSuiteEPKci
FNDA:1,_ZN7testing8internal16SuiteApiResolverI22PrintRandomNumbersTestE22GetTearDownCaseOrSuiteEPKci
FN:858,_ZN7testing8internal14TrueWithStringC1Ev
FNDA:2,_ZN7testing8internal14TrueWithStringC1Ev
FN:861,_ZNK7testing8internal14TrueWithStringcvbEv
FNDA:2,_ZNK7testing8internal14TrueWithStringcvbEv
FNF:10
FNH:9
DA:435,1
DA:440,1
DA:454,0
DA:461,9
DA:472,1
DA:493,9
DA:494,9
DA:506,36
DA:508,36
DA:521,1
DA:525,1
DA:527,1
DA:529,1
DA:532,0
DA:534,1
DA:542,1
DA:546,1
DA:548,1
DA:550,1
DA:553,0
DA:555,1
DA:858,2
DA:861,2
LF:23
LH:20
end_of_record
SF:C:\msys64\mingw64\include\c++\14.1.0\new
FN:179,_ZnwyPv
FNDA:10885,_ZnwyPv
FNF:1
FNH:1
DA:179,10885
DA:180,10885
LF:2
LH:2
end_of_record
SF:C:\workspace\matrixGenerator\build\_deps\googletest-src\googletest\include\gtest\gtest.h
FN:305,_ZN7testing15AssertionResultC1IbEERKT_PNSt9enable_ifIXntsrSt14is_convertibleIS2_S0_E5valueEvE4typeE
FNDA:211,_ZN7testing15AssertionResultC1IbEERKT_PNSt9enable_ifIXntsrSt14is_convertibleIS2_S0_E5valueEvE4typeE
FN:324,_ZNK7testing15AssertionResultcvbEv
FNDA:211,_ZNK7testing15AssertionResultcvbEv
FN:427,_ZN7testing4Test14SetUpTestSuiteEv
FNDA:0,_ZN7testing4Test14SetUpTestSuiteEv
FN:435,_ZN7testing4Test17TearDownTestSuiteEv
FNDA:0,_ZN7testing4Test17TearDownTestSuiteEv
FN:440,_ZN7testing4Test16TearDownTestCaseEv
FNDA:0,_ZN7testing4Test16TearDownTestCaseEv
FN:441,_ZN7testing4Test13SetUpTestCaseEv
FNDA:0,_ZN7testing4Test13SetUpTestCaseEv
FN:522,_ZN7testing4Test5SetupEv
FNDA:0,_ZN7testing4Test5SetupEv
FNF:7
FNH:2
DA:305,211
DA:311,211
DA:324,211
DA:427,0
DA:435,0
DA:440,0
DA:441,0
DA:522,0
LF:8
LH:3
end_of_record
SF:C:\msys64\mingw64\include\c++\14.1.0\bits\stl_construct.h
FN:172,_ZNSt12_Destroy_auxILb1EE9__destroyIPiEEvT_S3_
FNDA:2,_ZNSt12_Destroy_auxILb1EE9__destroyIPiEEvT_S3_
FN:182,_ZSt8_DestroyIPiEvT_S1_
FNDA:2,_ZSt8_DestroyIPiEvT_S1_
FNF:2
FNH:2
DA:172,2
DA:182,2
DA:196,2
DA:197,2
LF:4
LH:4
end_of_record
SF:C:\msys64\mingw64\include\c++\14.1.0\typeinfo
FN:102,_ZNKSt9type_info4nameEv
FNDA:0,_ZNKSt9type_info4nameEv
FNF:1
FNH:0
DA:102,0
DA:103,0
LF:2
LH:0
end_of_record
SF:C:\msys64\mingw64\include\c++\14.1.0\bits\vector.tcc
FN:111,_ZNSt6vectorIiSaIiEE12emplace_backIJiEEEvDpOT_
FNDA:10013,_ZNSt6vectorIiSaIiEE12emplace_backIJiEEEvDpOT_
FN:581,_ZNSt6vectorIiSaIiEE17_M_realloc_appendIJiEEEvDpOT_
FNDA:39,_ZNSt6vectorIiSaIiEE17_M_realloc_appendIJiEEEvDpOT_
FN:607,_ZZNSt6vectorIiSaIiEE17_M_realloc_appendIJiEEEvDpOT_EN6_GuardC1EPiyRS0_
FNDA:39,_ZZNSt6vectorIiSaIiEE17_M_realloc_appendIJiEEEvDpOT_EN6_GuardC1EPiyRS0_
FN:612,_ZZNSt6vectorIiSaIiEE17_M_realloc_appendIJiEEEvDpOT_EN6_GuardD1Ev
FNDA:39,_ZZNSt6vectorIiSaIiEE17_M_realloc_appendIJiEEEvDpOT_EN6_GuardD1Ev
FN:661,_ZZNSt6vectorIiSaIiEE17_M_realloc_appendIJiEEEvDpOT_EN11_Guard_eltsC1EPiRS0_
FNDA:0,_ZZNSt6vectorIiSaIiEE17_M_realloc_appendIJiEEEvDpOT_EN11_Guard_eltsC1EPiRS0_
FN:666,_ZZNSt6vectorIiSaIiEE17_M_realloc_appendIJiEEEvDpOT_EN11_Guard_eltsD1Ev
FNDA:0,_ZZNSt6vectorIiSaIiEE17_M_realloc_appendIJiEEEvDpOT_EN11_Guard_eltsD1Ev
FNF:6
FNH:4
DA:111,10013
DA:114,10013
DA:117,9974
DA:119,9974
DA:123,39
DA:127,10013
DA:581,39
DA:590,39
DA:591,39
DA:592,0
DA:593,39
DA:594,39
DA:595,39
DA:596,39
DA:597,39
DA:607,39
DA:608,39
DA:609,39
DA:612,39
DA:614,39
DA:616,32
DA:617,39
DA:624,39
DA:634,78
DA:635,39
DA:644,39
DA:647,39
DA:648,39
DA:649,39
DA:661,0
DA:662,0
DA:663,0
DA:666,0
DA:667,0
DA:674,0
DA:676,0
DA:678,0
DA:680,0
DA:683,0
DA:684,0
DA:685,0
DA:686,39
DA:687,39
DA:688,39
DA:692,39
DA:693,39
DA:694,39
DA:695,39
LF:48
LH:35
end_of_record
SF:C:\msys64\mingw64\include\c++\14.1.0\ext\alloc_traits.h
DA:98,10
LF:1
LH:1
end_of_record
SF:C:\msys64\mingw64\include\c++\14.1.0\tuple
FN:89,_ZNSt10_Head_baseILy1ESt14default_deleteINSt7__cxx1112basic_stringIcSt11char_traitsIcESaIcEEEELb1EEC2Ev
FNDA:211,_ZNSt10_Head_baseILy1ESt14default_deleteINSt7__cxx1112basic_stringIcSt11char_traitsIcESaIcEEEELb1EEC2Ev
FN:133,_ZNSt10_Head_baseILy1ESt14default_deleteINSt7__cxx1118basic_stringstreamIcSt11char_traitsIcESaIcEEEELb1EE7_M_headERS8_
FNDA:201,_ZNSt10_Head_baseILy1ESt14default_deleteINSt7__cxx1118basic_stringstreamIcSt11char_traitsIcESaIcEEEELb1EE7_M_headERS8_
FN:133,_ZNSt10_Head_baseILy1ESt14default_deleteINSt7__cxx1112basic_stringIcSt11char_traitsIcESaIcEEEELb1EE7_M_headERS8_
FNDA:0,_ZNSt10_Head_baseILy1ESt14default_deleteINSt7__cxx1112basic_stringIcSt11char_traitsIcESaIcEEEELb1EE7_M_headERS8_
FN:198,_ZNSt10_Head_baseILy0EPNSt7__cxx1112basic_stringIcSt11char_traitsIcESaIcEEELb0EEC2Ev
FNDA:211,_ZNSt10_Head_baseILy0EPNSt7__cxx1112basic_stringIcSt11char_traitsIcESaIcEEELb0EEC2Ev
FN:242,_ZNSt10_Head_baseILy0EPNSt7__cxx1112basic_stringIcSt11char_traitsIcESaIcEEELb0EE7_M_headERS7_
FNDA:211,_ZNSt10_Head_baseILy0EPNSt7__cxx1112basic_stringIcSt11char_traitsIcESaIcEEELb0EE7_M_headERS7_
FN:242,_ZNSt10_Head_baseILy0EPNSt7__cxx1118basic_stringstreamIcSt11char_traitsIcESaIcEEELb0EE7_M_headERS7_
FNDA:402,_ZNSt10_Head_baseILy0EPNSt7__cxx1118basic_stringstreamIcSt11char_traitsIcESaIcEEELb0EE7_M_headERS7_
FN:293,_ZNSt11_Tuple_implILy0EJPNSt7__cxx1112basic_stringIcSt11char_traitsIcESaIcEEESt14default_deleteIS5_EEE7_M_headERS9_
FNDA:211,_ZNSt11_Tuple_implILy0EJPNSt7__cxx1112basic_stringIcSt11char_traitsIcESaIcEEESt14default_deleteIS5_EEE7_M_headERS9_
FN:293,_ZNSt11_Tuple_implILy0EJPNSt7__cxx1118basic_stringstreamIcSt11char_traitsIcESaIcEEESt14default_deleteIS5_EEE7_M_headERS9_
FNDA:402,_ZNSt11_Tuple_implILy0EJPNSt7__cxx1118basic_stringstreamIcSt11char_traitsIcESaIcEEESt14default_deleteIS5_EEE7_M_headERS9_
FN:304,_ZNSt11_Tuple_implILy0EJPNSt7__cxx1112basic_stringIcSt11char_traitsIcESaIcEEESt14default_deleteIS5_EEEC2Ev
FNDA:211,_ZNSt11_Tuple_implILy0EJPNSt7__cxx1112basic_stringIcSt11char_traitsIcESaIcEEESt14default_deleteIS5_EEEC2Ev
FN:556,_ZNSt11_Tuple_implILy1EJSt14default_deleteINSt7__cxx1112basic_stringIcSt11char_traitsIcESaIcEEEEEE7_M_headERS8_
FNDA:0,_ZNSt11_Tuple_implILy1EJSt14default_deleteINSt7__cxx1112basic_stringIcSt11char_traitsIcESaIcEEEEEE7_M_headERS8_
FN:556,_ZNSt11_Tuple_implILy1EJSt14default_deleteINSt7__cxx1118basic_stringstreamIcSt11char_traitsIcESaIcEEEEEE7_M_headERS8_
FNDA:201,_ZNSt11_Tuple_implILy1EJSt14default_deleteINSt7__cxx1118basic_stringstreamIcSt11char_traitsIcESaIcEEEEEE7_M_headERS8_
FN:562,_ZNSt11_Tuple_implILy1EJSt14default_deleteINSt7__cxx1112basic_stringIcSt11char_traitsIcESaIcEEEEEEC2Ev
FNDA:211,_ZNSt11_Tuple_implILy1EJSt14default_deleteINSt7__cxx1112basic_stringIcSt11char_traitsIcESaIcEEEEEEC2Ev
FN:2089,_ZNSt5tupleIJPNSt7__cxx1112basic_stringIcSt11char_traitsIcESaIcEEESt14default_deleteIS5_EEEC1ILb1ELb1EEEv
FNDA:211,_ZNSt5tupleIJPNSt7__cxx1112basic_stringIcSt11char_traitsIcESaIcEEESt14default_deleteIS5_EEEC1ILb1ELb1EEEv
FN:2427,_ZSt12__get_helperILy0EPNSt7__cxx1118basic_stringstreamIcSt11char_traitsIcESaIcEEEJSt14default_deleteIS5_EEERT0_RSt11_Tuple_implIXT_EJS9_DpT1_EE
FNDA:402,_ZSt12__get_helperILy0EPNSt7__cxx1118basic_stringstreamIcSt11char_traitsIcESaIcEEEJSt14default_deleteIS5_EEERT0_RSt11_Tuple_implIXT_EJS9_DpT1_EE
FN:2427,_ZSt12__get_helperILy0EPNSt7__cxx1112basic_stringIcSt11char_traitsIcESaIcEEEJSt14default_deleteIS5_EEERT0_RSt11_Tuple_implIXT_EJS9_DpT1_EE
FNDA:211,_ZSt12__get_helperILy0EPNSt7__cxx1112basic_stringIcSt11char_traitsIcESaIcEEEJSt14default_deleteIS5_EEERT0_RSt11_Tuple_implIXT_EJS9_DpT1_EE
FN:2427,_ZSt12__get_helperILy1ESt14default_deleteINSt7__cxx1118basic_stringstreamIcSt11char_traitsIcESaIcEEEEJEERT0_RSt11_Tuple_implIXT_EJS8_DpT1_EE
FNDA:201,_ZSt12__get_helperILy1ESt14default_deleteINSt7__cxx1118basic_stringstreamIcSt11char_traitsIcESaIcEEEEJEERT0_RSt11_Tuple_implIXT_EJS8_DpT1_EE
FN:2427,_ZSt12__get_helperILy1ESt14default_deleteINSt7__cxx1112basic_stringIcSt11char_traitsIcESaIcEEEEJEERT0_RSt11_Tuple_implIXT_EJS8_DpT1_EE
FNDA:0,_ZSt12__get_helperILy1ESt14default_deleteINSt7__cxx1112basic_stringIcSt11char_traitsIcESaIcEEEEJEERT0_RSt11_Tuple_implIXT_EJS8_DpT1_EE
FN:2443,_ZSt3getILy1EJPNSt7__cxx1118basic_stringstreamIcSt11char_traitsIcESaIcEEESt14default_deleteIS5_EEERNSt13tuple_elementIXT_ESt5tupleIJDpT0_EEE4typeERSD_
FNDA:201,_ZSt3getILy1EJPNSt7__cxx1118basic_stringstreamIcSt11char_traitsIcESaIcEEESt14default_deleteIS5_EEERNSt13tuple_elementIXT_ESt5tupleIJDpT0_EEE4typeERSD_
FN:2443,_ZSt3getILy0EJPNSt7__cxx1112basic_stringIcSt11char_traitsIcESaIcEEESt14default_deleteIS5_EEERNSt13tuple_elementIXT_ESt5tupleIJDpT0_EEE4typeERSD_
FNDA:211,_ZSt3getILy0EJPNSt7__cxx1112basic_stringIcSt11char_traitsIcESaIcEEESt14default_deleteIS5_EEERNSt13tuple_elementIXT_ESt5tupleIJDpT0_EEE4typeERSD_
FN:2443,_ZSt3getILy0EJPNSt7__cxx1118basic_stringstreamIcSt11char_traitsIcESaIcEEESt14default_deleteIS5_EEERNSt13tuple_elementIXT_ESt5tupleIJDpT0_EEE4typeERSD_
FNDA:402,_ZSt3getILy0EJPNSt7__cxx1118basic_stringstreamIcSt11char_traitsIcESaIcEEESt14default_deleteIS5_EEERNSt13tuple_elementIXT_ESt5tupleIJDpT0_EEE4typeERSD_
FN:2443,_ZSt3getILy1EJPNSt7__cxx1112basic_stringIcSt11char_traitsIcESaIcEEESt14default_deleteIS5_EEERNSt13tuple_elementIXT_ESt5tupleIJDpT0_EEE4typeERSD_
FNDA:0,_ZSt3getILy1EJPNSt7__cxx1112basic_stringIcSt11char_traitsIcESaIcEEESt14default_deleteIS5_EEERNSt13tuple_elementIXT_ESt5tupleIJDpT0_EEE4typeERSD_
FNF:21
FNH:17
DA:89,211
DA:90,211
DA:133,0
DA:133,201
DA:198,211
DA:199,211
DA:242,211
DA:242,402
DA:293,211
DA:293,402
DA:304,211
DA:305,211
DA:556,0
DA:556,201
DA:562,211
DA:563,211
DA:2089,211
DA:2091,211
DA:2427,0
DA:2428,0
DA:2427,201
DA:2428,201
DA:2427,211
DA:2428,211
DA:2427,402
DA:2428,402
DA:2443,0
DA:2444,0
DA:2443,201
DA:2444,201
DA:2443,211
DA:2444,211
DA:2443,402
DA:2444,402
LF:34
LH:28
end_of_record
SF:C:\msys64\mingw64\include\c++\14.1.0\bits\stl_iterator_base_funcs.h
DA:106,0
DA:151,0
DA:152,0
LF:3
LH:0
end_of_record
SF:C:\msys64\mingw64\include\c++\14.1.0\bits\stl_iterator_base_types.h
DA:240,0
LF:1
LH:0
end_of_record
SF:C:\workspace\matrixGenerator\build\_deps\googletest-src\googletest\include\gtest\internal\gtest-port.h
FN:974,_ZN7testing8internal8GTestLog9GetStreamEv
FNDA:0,_ZN7testing8internal8GTestLog9GetStreamEv
FNF:1
FNH:0
DA:974,0
LF:1
LH:0
end_of_record
SF:C:\workspace\matrixGenerator\build\_deps\googletest-src\googletest\include\gtest\internal\gtest-type-util.h
FN:55,_ZN7testing8internal31CanonicalizeForStdLibVersioningENSt7__cxx1112basic_stringIcSt11char_traitsIcESaIcEEE
FNDA:0,_ZN7testing8internal31CanonicalizeForStdLibVersioningENSt7__cxx1112basic_stringIcSt11char_traitsIcESaIcEEE
FN:69,_ZN7testing8internal11GetTypeNameB5cxx11ERKSt9type_info
FNDA:0,_ZN7testing8internal11GetTypeNameB5cxx11ERKSt9type_info
FNF:2
FNH:0
DA:55,0
DA:57,0
DA:58,0
DA:59,0
DA:61,0
DA:64,0
DA:69,0
DA:70,0
DA:72,0
DA:78,0
DA:79,0
DA:80,0
DA:81,0
DA:85,0
LF:14
LH:0
end_of_record
SF:C:\msys64\mingw64\include\c++\14.1.0\bits\basic_string.tcc
FN:221,_ZNSt7__cxx1112basic_stringIcSt11char_traitsIcESaIcEE12_M_constructIPcEEvT_S7_St20forward_iterator_tag
FNDA:0,_ZNSt7__cxx1112basic_stringIcSt11char_traitsIcESaIcEE12_M_constructIPcEEvT_S7_St20forward_iterator_tag
FN:221,_ZNSt7__cxx1112basic_stringIcSt11char_traitsIcESaIcEE12_M_constructIPKcEEvT_S8_St20forward_iterator_tag
FNDA:0,_ZNSt7__cxx1112basic_stringIcSt11char_traitsIcESaIcEE12_M_constructIPKcEEvT_S8_St20forward_iterator_tag
FN:239,_ZZNSt7__cxx1112basic_stringIcSt11char_traitsIcESaIcEE12_M_constructIPcEEvT_S7_St20forward_iterator_tagEN6_GuardC1EPS4_
FNDA:0,_ZZNSt7__cxx1112basic_stringIcSt11char_traitsIcESaIcEE12_M_constructIPcEEvT_S7_St20forward_iterator_tagEN6_GuardC1EPS4_
FN:239,_ZZNSt7__cxx1112basic_stringIcSt11char_traitsIcESaIcEE12_M_constructIPKcEEvT_S8_St20forward_iterator_tagEN6_GuardC1EPS4_
FNDA:0,_ZZNSt7__cxx1112basic_stringIcSt11char_traitsIcESaIcEE12_M_constructIPKcEEvT_S8_St20forward_iterator_tagEN6_GuardC1EPS4_
FN:242,_ZZNSt7__cxx1112basic_stringIcSt11char_traitsIcESaIcEE12_M_constructIPcEEvT_S7_St20forward_iterator_tagEN6_GuardD1Ev
FNDA:0,_ZZNSt7__cxx1112basic_stringIcSt11char_traitsIcESaIcEE12_M_constructIPcEEvT_S7_St20forward_iterator_tagEN6_GuardD1Ev
FN:242,_ZZNSt7__cxx1112basic_stringIcSt11char_traitsIcESaIcEE12_M_constructIPKcEEvT_S8_St20forward_iterator_tagEN6_GuardD1Ev
FNDA:0,_ZZNSt7__cxx1112basic_stringIcSt11char_traitsIcESaIcEE12_M_constructIPKcEEvT_S8_St20forward_iterator_tagEN6_GuardD1Ev
FNF:6
FNH:0
DA:221,0
DA:225,0
DA:227,0
DA:229,0
DA:230,0
DA:245,0
DA:247,0
DA:249,0
DA:251,0
DA:252,0
DA:221,0
DA:225,0
DA:227,0
DA:229,0
DA:230,0
DA:245,0
DA:247,0
DA:249,0
DA:251,0
DA:252,0
DA:239,0
DA:239,0
DA:242,0
DA:242,0
LF:24
LH:0
end_of_record
SF:C:\workspace\matrixGenerator\include\PrintRandomNumbers.hpp
FN:13,_ZN18PrintRandomNumbersD1Ev
FNDA:1,_ZN18PrintRandomNumbersD1Ev
FNF:1
FNH:1
DA:13,1
LF:1
LH:1
end_of_record
SF:C:\msys64\mingw64\include\c++\14.1.0\bits\stl_algobase.h
FN:233,_ZSt3minIyERKT_S2_S2_
FNDA:201,_ZSt3minIyERKT_S2_S2_
FN:257,_ZSt3maxIyERKT_S2_S2_
FNDA:54,_ZSt3maxIyERKT_S2_S2_
FN:316,_ZSt12__niter_baseIPiET_S1_
FNDA:117,_ZSt12__niter_baseIPiET_S1_
FN:353,_ZSt12__niter_wrapIPiET_RKS1_S1_
FNDA:0,_ZSt12__niter_wrapIPiET_RKS1_S1_
FN:437,_ZNSt11__copy_moveILb1ELb0ESt26random_access_iterator_tagE12__assign_oneIiiEEvPT_PT0_
FNDA:0,_ZNSt11__copy_moveILb1ELb0ESt26random_access_iterator_tagE12__assign_oneIiiEEvPT_PT0_
FN:448,_ZNSt11__copy_moveILb1ELb1ESt26random_access_iterator_tagE8__copy_mIiiEEPT0_PT_S6_S4_
FNDA:0,_ZNSt11__copy_moveILb1ELb1ESt26random_access_iterator_tagE8__copy_mIiiEEPT0_PT_S6_S4_
FN:512,_ZSt14__copy_move_a2ILb1EPiS0_ET1_T0_S2_S1_
FNDA:0,_ZSt14__copy_move_a2ILb1EPiS0_ET1_T0_S2_S1_
FN:547,_ZSt14__copy_move_a1ILb1EPiS0_ET1_T0_S2_S1_
FNDA:0,_ZSt14__copy_move_a1ILb1EPiS0_ET1_T0_S2_S1_
FN:553,_ZSt13__copy_move_aILb1EPiS0_ET1_T0_S2_S1_
FNDA:0,_ZSt13__copy_move_aILb1EPiS0_ET1_T0_S2_S1_
FN:642,_ZSt4copyISt13move_iteratorIPiES1_ET0_T_S4_S3_
FNDA:0,_ZSt4copyISt13move_iteratorIPiES1_ET0_T_S4_S3_
FNF:10
FNH:3
DA:233,201
DA:238,201
DA:239,0
DA:240,201
DA:257,54
DA:262,54
DA:263,14
DA:264,40
DA:316,117
DA:318,117
DA:353,0
DA:354,0
DA:437,0
DA:438,0
DA:448,0
DA:450,0
DA:451,0
DA:452,0
DA:453,0
DA:455,0
DA:456,0
DA:512,0
DA:521,0
DA:547,0
DA:548,0
DA:553,0
DA:555,0
DA:558,0
DA:642,0
DA:651,0
LF:30
LH:9
end_of_record
SF:C:\workspace\matrixGenerator\include\RandomGeneratorAbstract.hpp
FN:7,_ZN23RandomGeneratorAbstractC2Ev
FNDA:2,_ZN23RandomGeneratorAbstractC2Ev
FNF:1
FNH:1
DA:7,2
LF:1
LH:1
end_of_record
SF:C:\msys64\mingw64\include\c++\14.1.0\bits\alloc_traits.h
DA:478,39
DA:513,34
DA:534,10013
DA:538,10013
DA:570,78
DA:584,10
DA:944,2
DA:945,2
LF:8
LH:8
end_of_record
SF:C:\workspace\matrixGenerator\include\RandomGenerator.hpp
FN:10,_ZN15RandomGeneratorC1Ev
FNDA:2,_ZN15RandomGeneratorC1Ev
FNF:1
FNH:1
DA:10,2
LF:1
LH:1
end_of_record
SF:C:\workspace\matrixGenerator\build\_deps\googletest-src\googletest\include\gtest\gtest-message.h
LF:0
LH:0
end_of_record
SF:C:\msys64\mingw64\include\c++\14.1.0\bits\unique_ptr.h
FN:87,_ZNKSt14default_deleteINSt7__cxx1112basic_stringIcSt11char_traitsIcESaIcEEEEclEPS5_
FNDA:0,_ZNKSt14default_deleteINSt7__cxx1112basic_stringIcSt11char_traitsIcESaIcEEEEclEPS5_
FN:87,_ZNKSt14default_deleteINSt7__cxx1118basic_stringstreamIcSt11char_traitsIcESaIcEEEEclEPS5_
FNDA:201,_ZNKSt14default_deleteINSt7__cxx1118basic_stringstreamIcSt11char_traitsIcESaIcEEEEclEPS5_
FN:168,_ZNSt15__uniq_ptr_implINSt7__cxx1112basic_stringIcSt11char_traitsIcESaIcEEESt14default_deleteIS5_EEC2Ev
FNDA:211,_ZNSt15__uniq_ptr_implINSt7__cxx1112basic_stringIcSt11char_traitsIcESaIcEEESt14default_deleteIS5_EEC2Ev
FN:191,_ZNSt15__uniq_ptr_implINSt7__cxx1112basic_stringIcSt11char_traitsIcESaIcEEESt14default_deleteIS5_EE6_M_ptrEv
FNDA:211,_ZNSt15__uniq_ptr_implINSt7__cxx1112basic_stringIcSt11char_traitsIcESaIcEEESt14default_deleteIS5_EE6_M_ptrEv
FN:191,_ZNSt15__uniq_ptr_implINSt7__cxx1118basic_stringstreamIcSt11char_traitsIcESaIcEEESt14default_deleteIS5_EE6_M_ptrEv
FNDA:402,_ZNSt15__uniq_ptr_implINSt7__cxx1118basic_stringstreamIcSt11char_traitsIcESaIcEEESt14default_deleteIS5_EE6_M_ptrEv
FN:195,_ZNSt15__uniq_ptr_implINSt7__cxx1112basic_stringIcSt11char_traitsIcESaIcEEESt14default_deleteIS5_EE10_M_deleterEv
FNDA:0,_ZNSt15__uniq_ptr_implINSt7__cxx1112basic_stringIcSt11char_traitsIcESaIcEEESt14default_deleteIS5_EE10_M_deleterEv
FN:195,_ZNSt15__uniq_ptr_implINSt7__cxx1118basic_stringstreamIcSt11char_traitsIcESaIcEEESt14default_deleteIS5_EE10_M_deleterEv
FNDA:201,_ZNSt15__uniq_ptr_implINSt7__cxx1118basic_stringstreamIcSt11char_traitsIcESaIcEEESt14default_deleteIS5_EE10_M_deleterEv
FN:298,_ZNSt10unique_ptrINSt7__cxx1112basic_stringIcSt11char_traitsIcESaIcEEESt14default_deleteIS5_EEC1IS7_vEEv
FNDA:211,_ZNSt10unique_ptrINSt7__cxx1112basic_stringIcSt11char_traitsIcESaIcEEESt14default_deleteIS5_EEC1IS7_vEEv
FN:392,_ZNSt10unique_ptrINSt7__cxx1112basic_stringIcSt11char_traitsIcESaIcEEESt14default_deleteIS5_EED1Ev
FNDA:211,_ZNSt10unique_ptrINSt7__cxx1112basic_stringIcSt11char_traitsIcESaIcEEESt14default_deleteIS5_EED1Ev
FN:392,_ZNSt10unique_ptrINSt7__cxx1118basic_stringstreamIcSt11char_traitsIcESaIcEEESt14default_deleteIS5_EED1Ev
FNDA:201,_ZNSt10unique_ptrINSt7__cxx1118basic_stringstreamIcSt11char_traitsIcESaIcEEESt14default_deleteIS5_EED1Ev
FN:469,_ZNSt10unique_ptrINSt7__cxx1112basic_stringIcSt11char_traitsIcESaIcEEESt14default_deleteIS5_EE11get_deleterEv
FNDA:0,_ZNSt10unique_ptrINSt7__cxx1112basic_stringIcSt11char_traitsIcESaIcEEESt14default_deleteIS5_EE11get_deleterEv
FN:469,_ZNSt10unique_ptrINSt7__cxx1118basic_stringstreamIcSt11char_traitsIcESaIcEEESt14default_deleteIS5_EE11get_deleterEv
FNDA:201,_ZNSt10unique_ptrINSt7__cxx1118basic_stringstreamIcSt11char_traitsIcESaIcEEESt14default_deleteIS5_EE11get_deleterEv
FNF:12
FNH:9
DA:87,0
DA:93,0
DA:94,0
DA:87,201
DA:93,201
DA:94,201
DA:168,211
DA:191,211
DA:191,402
DA:195,0
DA:195,201
DA:298,211
DA:299,211
DA:300,211
DA:392,211
DA:396,211
DA:397,211
DA:398,0
DA:399,211
DA:400,211
DA:392,201
DA:396,201
DA:397,201
DA:398,201
DA:399,201
DA:400,201
DA:469,0
DA:470,0
DA:469,201
DA:470,201
LF:30
LH:23
end_of_record
SF:C:\msys64\mingw64\include\c++\14.1.0\bits\move.h
FN:70,_ZSt7forwardIiEOT_RNSt16remove_referenceIS0_E4typeE
FNDA:30078,_ZSt7forwardIiEOT_RNSt16remove_referenceIS0_E4typeE
FN:126,_ZSt4moveIRPiEONSt16remove_referenceIT_E4typeEOS3_
FNDA:0,_ZSt4moveIRPiEONSt16remove_referenceIT_E4typeEOS3_
FN:126,_ZSt4moveIRiEONSt16remove_referenceIT_E4typeEOS2_
FNDA:10013,_ZSt4moveIRiEONSt16remove_referenceIT_E4typeEOS2_
FN:126,_ZSt4moveIRPNSt7__cxx1112basic_stringIcSt11char_traitsIcESaIcEEEEONSt16remove_referenceIT_E4typeEOS9_
FNDA:0,_ZSt4moveIRPNSt7__cxx1112basic_stringIcSt11char_traitsIcESaIcEEEEONSt16remove_referenceIT_E4typeEOS9_
FN:126,_ZSt4moveIRPNSt7__cxx1118basic_stringstreamIcSt11char_traitsIcESaIcEEEEONSt16remove_referenceIT_E4typeEOS9_
FNDA:201,_ZSt4moveIRPNSt7__cxx1118basic_stringstreamIcSt11char_traitsIcESaIcEEEEONSt16remove_referenceIT_E4typeEOS9_
FN:126,_ZSt4moveIRSaIcEEONSt16remove_referenceIT_E4typeEOS3_
FNDA:0,_ZSt4moveIRSaIcEEONSt16remove_referenceIT_E4typeEOS3_
FNF:6
FNH:3
DA:70,30078
DA:71,30078
DA:126,0
DA:127,0
DA:126,10013
DA:127,10013
DA:126,0
DA:127,0
DA:126,201
DA:127,201
DA:126,0
DA:127,0
LF:12
LH:6
end_of_record
SF:C:\msys64\mingw64\include\c++\14.1.0\bits\cpp_type_traits.h
FN:607,_ZSt12__miter_baseIPiET_S1_
FNDA:0,_ZSt12__miter_baseIPiET_S1_
FNF:1
FNH:0
DA:607,0
DA:608,0
LF:2
LH:0
end_of_record
SF:C:\msys64\mingw64\include\c++\14.1.0\bits\ptr_traits.h
FN:205,_ZSt12__to_addressIiEPT_S1_
FNDA:39,_ZSt12__to_addressIiEPT_S1_
FNF:1
FNH:1
DA:205,39
DA:208,39
LF:2
LH:2
end_of_record
SF:C:\msys64\mingw64\include\c++\14.1.0\bits\stl_vector.h
FN:98,_ZNSt12_Vector_baseIiSaIiEE17_Vector_impl_dataC2Ev
FNDA:7,_ZNSt12_Vector_baseIiSaIiEE17_Vector_impl_dataC2Ev
FN:136,_ZNSt12_Vector_baseIiSaIiEE12_Vector_implC1Ev
FNDA:7,_ZNSt12_Vector_baseIiSaIiEE12_Vector_implC1Ev
FN:300,_ZNSt12_Vector_baseIiSaIiEE19_M_get_Tp_allocatorEv
FNDA:41,_ZNSt12_Vector_baseIiSaIiEE19_M_get_Tp_allocatorEv
FN:305,_ZNKSt12_Vector_baseIiSaIiEE19_M_get_Tp_allocatorEv
FNDA:78,_ZNKSt12_Vector_baseIiSaIiEE19_M_get_Tp_allocatorEv
FN:314,_ZNSt12_Vector_baseIiSaIiEEC2Ev
FNDA:7,_ZNSt12_Vector_baseIiSaIiEEC2Ev
FN:366,_ZNSt12_Vector_baseIiSaIiEED2Ev
FNDA:2,_ZNSt12_Vector_baseIiSaIiEED2Ev
FN:377,_ZNSt12_Vector_baseIiSaIiEE11_M_allocateEy
FNDA:39,_ZNSt12_Vector_baseIiSaIiEE11_M_allocateEy
FN:385,_ZNSt12_Vector_baseIiSaIiEE13_M_deallocateEPiy
FNDA:2,_ZNSt12_Vector_baseIiSaIiEE13_M_deallocateEPiy
FN:470,_ZNSt6vectorIiSaIiEE19_S_nothrow_relocateESt17integral_constantIbLb1EE
FNDA:39,_ZNSt6vectorIiSaIiEE19_S_nothrow_relocateESt17integral_constantIbLb1EE
FN:483,_ZNSt6vectorIiSaIiEE15_S_use_relocateEv
FNDA:39,_ZNSt6vectorIiSaIiEE15_S_use_relocateEv
FN:492,_ZNSt6vectorIiSaIiEE14_S_do_relocateEPiS2_S2_RS0_St17integral_constantIbLb1EE
FNDA:39,_ZNSt6vectorIiSaIiEE14_S_do_relocateEPiS2_S2_RS0_St17integral_constantIbLb1EE
FN:504,_ZNSt6vectorIiSaIiEE11_S_relocateEPiS2_S2_RS0_
FNDA:39,_ZNSt6vectorIiSaIiEE11_S_relocateEPiS2_S2_RS0_
FN:531,_ZNSt6vectorIiSaIiEEC1Ev
FNDA:7,_ZNSt6vectorIiSaIiEEC1Ev
FN:733,_ZNSt6vectorIiSaIiEED1Ev
FNDA:2,_ZNSt6vectorIiSaIiEED1Ev
FN:873,_ZNSt6vectorIiSaIiEE5beginEv
FNDA:40,_ZNSt6vectorIiSaIiEE5beginEv
FN:883,_ZNKSt6vectorIiSaIiEE5beginEv
FNDA:1,_ZNKSt6vectorIiSaIiEE5beginEv
FN:893,_ZNSt6vectorIiSaIiEE3endEv
FNDA:40,_ZNSt6vectorIiSaIiEE3endEv
FN:903,_ZNKSt6vectorIiSaIiEE3endEv
FNDA:1,_ZNKSt6vectorIiSaIiEE3endEv
FN:992,_ZNKSt6vectorIiSaIiEE4sizeEv
FNDA:221,_ZNKSt6vectorIiSaIiEE4sizeEv
FN:998,_ZNKSt6vectorIiSaIiEE8max_sizeEv
FNDA:78,_ZNKSt6vectorIiSaIiEE8max_sizeEv
FN:1090,_ZNKSt6vectorIiSaIiEE5emptyEv
FNDA:1,_ZNKSt6vectorIiSaIiEE5emptyEv
FN:1300,_ZNSt6vectorIiSaIiEE9push_backEOi
FNDA:10013,_ZNSt6vectorIiSaIiEE9push_backEOi
FN:1906,_ZNKSt6vectorIiSaIiEE12_M_check_lenEyPKc
FNDA:39,_ZNKSt6vectorIiSaIiEE12_M_check_lenEyPKc
FN:1926,_ZNSt6vectorIiSaIiEE11_S_max_sizeERKS0_
FNDA:78,_ZNSt6vectorIiSaIiEE11_S_max_sizeERKS0_
FNF:24
FNH:24
DA:98,7
DA:99,7
DA:100,7
DA:136,7
DA:141,7
DA:142,7
DA:300,41
DA:301,41
DA:305,78
DA:306,78
DA:314,7
DA:366,2
DA:368,2
DA:369,2
DA:370,2
DA:377,39
DA:380,78
DA:385,2
DA:388,2
DA:389,2
DA:390,2
DA:470,39
DA:475,39
DA:483,39
DA:488,39
DA:492,39
DA:495,39
DA:504,39
DA:512,39
DA:531,7
DA:733,2
DA:735,2
DA:736,2
DA:738,2
DA:873,40
DA:874,40
DA:883,1
DA:884,1
DA:893,40
DA:894,40
DA:903,1
DA:904,1
DA:992,221
DA:993,221
DA:998,78
DA:999,78
DA:1090,1
DA:1091,1
DA:1300,10013
DA:1301,10013
DA:1906,39
DA:1908,39
DA:1909,0
DA:1911,39
DA:1912,39
DA:1926,78
DA:1931,78
DA:1933,78
DA:1934,78
LF:59
LH:58
end_of_record
SF:C:\msys64\mingw64\include\c++\14.1.0\bits\stl_iterator.h
FN:1067,_ZN9__gnu_cxx17__normal_iteratorIPiSt6vectorIiSaIiEEEC1ERKS1_
FNDA:80,_ZN9__gnu_cxx17__normal_iteratorIPiSt6vectorIiSaIiEEEC1ERKS1_
FN:1067,_ZN9__gnu_cxx17__normal_iteratorIPKiSt6vectorIiSaIiEEEC1ERKS2_
FNDA:2,_ZN9__gnu_cxx17__normal_iteratorIPKiSt6vectorIiSaIiEEEC1ERKS2_
FN:1153,_ZNK9__gnu_cxx17__normal_iteratorIPiSt6vectorIiSaIiEEE4baseEv
FNDA:10080,_ZNK9__gnu_cxx17__normal_iteratorIPiSt6vectorIiSaIiEEE4baseEv
FN:1153,_ZNK9__gnu_cxx17__normal_iteratorIPKiSt6vectorIiSaIiEEE4baseEv
FNDA:2,_ZNK9__gnu_cxx17__normal_iteratorIPKiSt6vectorIiSaIiEEE4baseEv
FN:1216,_ZN9__gnu_cxxeqIPKiSt6vectorIiSaIiEEEEbRKNS_17__normal_iteratorIT_T0_EESB_
FNDA:1,_ZN9__gnu_cxxeqIPKiSt6vectorIiSaIiEEEEbRKNS_17__normal_iteratorIT_T0_EESB_
FN:1325,_ZN9__gnu_cxxmiIPiSt6vectorIiSaIiEEEENS_17__normal_iteratorIT_T0_E15difference_typeERKS8_SB_
FNDA:39,_ZN9__gnu_cxxmiIPiSt6vectorIiSaIiEEEENS_17__normal_iteratorIT_T0_E15difference_typeERKS8_SB_
FN:1508,_ZNSt13move_iteratorIPiEC1ES0_
FNDA:0,_ZNSt13move_iteratorIPiEC1ES0_
FN:1534,_ZNKSt13move_iteratorIPiE4baseEv
FNDA:0,_ZNKSt13move_iteratorIPiE4baseEv
FN:1821,_ZSt32__make_move_if_noexcept_iteratorIiSt13move_iteratorIPiEET0_PT_
FNDA:0,_ZSt32__make_move_if_noexcept_iteratorIiSt13move_iteratorIPiEET0_PT_
FN:2969,_ZSt12__miter_baseIPiEDTcl12__miter_basecldtfp_4baseEEESt13move_iteratorIT_E
FNDA:0,_ZSt12__miter_baseIPiEDTcl12__miter_basecldtfp_4baseEEESt13move_iteratorIT_E
FNF:10
FNH:6
DA:1067,80
DA:1068,80
DA:1067,2
DA:1068,2
DA:1153,10080
DA:1154,10080
DA:1153,2
DA:1154,2
DA:1216,1
DA:1219,1
DA:1325,39
DA:1328,39
DA:1508,0
DA:1509,0
DA:1534,0
DA:1535,0
DA:1821,0
DA:1822,0
DA:2969,0
DA:2971,0
LF:20
LH:12
end_of_record
TN:
SF:C:\workspace\matrixGenerator\build\_deps\googletest-src\googletest\include\gtest\gtest-printers.h
FN:212,_ZN7testing8internal52internal_stream_operator_without_lexical_name_lookup13StreamPrinter10PrintValueIivRSoEEvRKT_PSo
FNDA:0,_ZN7testing8internal52internal_stream_operator_without_lexical_name_lookup13StreamPrinter10PrintValueIivRSoEEvRKT_PSo
FN:306,_ZN7testing8internal17PrintWithFallbackIiEEvRKT_PSo
FNDA:0,_ZN7testing8internal17PrintWithFallbackIiEEvRKT_PSo
FN:333,_ZN7testing8internal19FormatForComparisonIiiE6FormatB5cxx11ERKi
FNDA:0,_ZN7testing8internal19FormatForComparisonIiiE6FormatB5cxx11ERKi
FN:413,_ZN7testing8internal33FormatForComparisonFailureMessageIiiEENSt7__cxx1112basic_stringIcSt11char_traitsIcESaIcEEERKT_RKT0_
FNDA:0,_ZN7testing8internal33FormatForComparisonFailureMessageIiiEENSt7__cxx1112basic_stringIcSt11char_traitsIcESaIcEEERKT_RKT0_
FN:440,_ZN7testing8internal7PrintToIiEEvRKT_PSo
FNDA:0,_ZN7testing8internal7PrintToIiEEvRKT_PSo
FN:682,_ZN7testing8internal16UniversalPrinterIiE5PrintERKiPSo
FNDA:0,_ZN7testing8internal16UniversalPrinterIiE5PrintERKiPSo
FN:864,_ZN7testing8internal21UniversalTersePrinterIiE5PrintERKiPSo
FNDA:0,_ZN7testing8internal21UniversalTersePrinterIiE5PrintERKiPSo
FN:976,_ZN7testing8internal14UniversalPrintIiEEvRKT_PSo
FNDA:0,_ZN7testing8internal14UniversalPrintIiEEvRKT_PSo
FN:1016,_ZN7testing13PrintToStringIiEENSt7__cxx1112basic_stringIcSt11char_traitsIcESaIcEEERKT_
FNDA:0,_ZN7testing13PrintToStringIiEENSt7__cxx1112basic_stringIcSt11char_traitsIcESaIcEEERKT_
FNF:9
FNH:0
DA:212,0
DA:215,0
DA:216,0
DA:306,0
DA:312,0
DA:313,0
DA:333,0
DA:334,0
DA:413,0
DA:415,0
DA:440,0
DA:441,0
DA:442,0
DA:682,0
DA:691,0
DA:692,0
DA:864,0
DA:865,0
DA:866,0
DA:976,0
DA:980,0
DA:981,0
DA:1016,0
DA:1017,0
DA:1018,0
DA:1019,0
DA:1020,0
LF:27
LH:0
end_of_record
SF:C:\workspace\matrixGenerator\build\_deps\googletest-src\googletest\include\gtest\gtest.h
FN:324,_ZNK7testing15AssertionResultcvbEv
FNDA:0,_ZNK7testing15AssertionResultcvbEv
FN:333,_ZNK7testing15AssertionResult7messageEv
FNDA:0,_ZNK7testing15AssertionResult7messageEv
FN:337,_ZNK7testing15AssertionResult15failure_messageEv
FNDA:0,_ZNK7testing15AssertionResult15failure_messageEv
FN:340,_ZN7testing15AssertionResultlsINSt7__cxx1112basic_stringIcSt11char_traitsIcESaIcEEEEERS0_RKT_
FNDA:0,_ZN7testing15AssertionResultlsINSt7__cxx1112basic_stringIcSt11char_traitsIcESaIcEEEEERS0_RKT_
FN:340,_ZN7testing15AssertionResultlsIA12_cEERS0_RKT_
FNDA:0,_ZN7testing15AssertionResultlsIA12_cEERS0_RKT_
FN:340,_ZN7testing15AssertionResultlsIPKcEERS0_RKT_
FNDA:0,_ZN7testing15AssertionResultlsIPKcEERS0_RKT_
FN:340,_ZN7testing15AssertionResultlsIA3_cEERS0_RKT_
FNDA:0,_ZN7testing15AssertionResultlsIA3_cEERS0_RKT_
FN:340,_ZN7testing15AssertionResultlsIA5_cEERS0_RKT_
FNDA:0,_ZN7testing15AssertionResultlsIA5_cEERS0_RKT_
FN:355,_ZN7testing15AssertionResult13AppendMessageERKNS_7MessageE
FNDA:0,_ZN7testing15AssertionResult13AppendMessageERKNS_7MessageE
FN:427,_ZN7testing4Test14SetUpTestSuiteEv
FNDA:0,_ZN7testing4Test14SetUpTestSuiteEv
FN:435,_ZN7testing4Test17TearDownTestSuiteEv
FNDA:0,_ZN7testing4Test17TearDownTestSuiteEv
FN:440,_ZN7testing4Test16TearDownTestCaseEv
FNDA:0,_ZN7testing4Test16TearDownTestCaseEv
FN:441,_ZN7testing4Test13SetUpTestCaseEv
FNDA:0,_ZN7testing4Test13SetUpTestCaseEv
FN:522,_ZN7testing4Test5SetupEv
FNDA:0,_ZN7testing4Test5SetupEv
FN:1595,_ZN7testing8internal18CmpHelperOpFailureIiiEENS_15AssertionResultEPKcS4_RKT_RKT0_S4_
FNDA:0,_ZN7testing8internal18CmpHelperOpFailureIiiEENS_15AssertionResultEPKcS4_RKT_RKT0_S4_
FN:1628,_ZN7testing8internal11CmpHelperLTIiiEENS_15AssertionResultEPKcS4_RKT_RKT0_
FNDA:100,_ZN7testing8internal11CmpHelperLTIiiEENS_15AssertionResultEPKcS4_RKT_RKT0_
FN:1630,_ZN7testing8internal11CmpHelperGEIiiEENS_15AssertionResultEPKcS4_RKT_RKT0_
FNDA:104,_ZN7testing8internal11CmpHelperGEIiiEENS_15AssertionResultEPKcS4_RKT_RKT0_
FNF:17
FNH:2
DA:324,0
DA:333,0
DA:334,0
DA:337,0
DA:340,0
DA:341,0
DA:342,0
DA:340,0
DA:341,0
DA:342,0
DA:340,0
DA:341,0
DA:342,0
DA:340,0
DA:341,0
DA:342,0
DA:340,0
DA:341,0
DA:342,0
DA:355,0
DA:356,0
DA:357,0
DA:358,0
DA:427,0
DA:435,0
DA:440,0
DA:441,0
DA:522,0
DA:1595,0
DA:1598,0
DA:1599,0
DA:1600,0
DA:1601,0
DA:1628,100
DA:1630,104
LF:35
LH:2
end_of_record
SF:C:\workspace\matrixGenerator\build\_deps\googletest-src\googletest\include\gtest\internal\gtest-internal.h
FN:435,_ZN7testing8internal9GetTypeIdI19RandomGeneratorTestEEPKvv
FNDA:1,_ZN7testing8internal9GetTypeIdI19RandomGeneratorTestEEPKvv
FN:454,_ZN7testing8internal15TestFactoryBaseD2Ev
FNDA:0,_ZN7testing8internal15TestFactoryBaseD2Ev
FN:461,_ZN7testing8internal15TestFactoryBaseC2Ev
FNDA:0,_ZN7testing8internal15TestFactoryBaseC2Ev
FN:472,_ZN7testing8internal15TestFactoryImplI50RandomGeneratorTest_GenerateRandomNumbersTest_TestE10CreateTestEv
FNDA:1,_ZN7testing8internal15TestFactoryImplI50RandomGeneratorTest_GenerateRandomNumbersTest_TestE10CreateTestEv
FN:493,_ZN7testing8internal12CodeLocationC1ERKNSt7__cxx1112basic_stringIcSt11char_traitsIcESaIcEEEi
FNDA:0,_ZN7testing8internal12CodeLocationC1ERKNSt7__cxx1112basic_stringIcSt11char_traitsIcESaIcEEEi
FN:506,_ZN7testing8internal19GetNotDefaultOrNullEPFvvES2_
FNDA:0,_ZN7testing8internal19GetNotDefaultOrNullEPFvvES2_
FN:521,_ZN7testing8internal16SuiteApiResolverI19RandomGeneratorTestE19GetSetUpCaseOrSuiteEPKci
FNDA:1,_ZN7testing8internal16SuiteApiResolverI19RandomGeneratorTestE19GetSetUpCaseOrSuiteEPKci
FN:542,_ZN7testing8internal16SuiteApiResolverI19RandomGeneratorTestE22GetTearDownCaseOrSuiteEPKci
FNDA:1,_ZN7testing8internal16SuiteApiResolverI19RandomGeneratorTestE22GetTearDownCaseOrSuiteEPKci
FNF:8
FNH:4
DA:435,1
DA:440,1
DA:454,0
DA:461,0
DA:472,1
DA:493,0
DA:494,0
DA:506,0
DA:508,0
DA:521,1
DA:525,1
DA:527,1
DA:529,1
DA:532,0
DA:534,1
DA:542,1
DA:546,1
DA:548,1
DA:550,1
DA:553,0
DA:555,1
LF:21
LH:13
end_of_record
SF:C:\msys64\mingw64\include\c++\14.1.0\bits\basic_string.h
DA:360,0
LF:1
LH:0
end_of_record
SF:C:\workspace\matrixGenerator\tests\RandomGeneratorTest.cpp
FN:10,_ZN19RandomGeneratorTest5SetUpEv
FNDA:1,_ZN19RandomGeneratorTest5SetUpEv
FN:15,_ZN19RandomGeneratorTest8TearDownEv
FNDA:1,_ZN19RandomGeneratorTest8TearDownEv
FN:21,_ZN50RandomGeneratorTest_GenerateRandomNumbersTest_TestC1Ev
FNDA:1,_ZN50RandomGeneratorTest_GenerateRandomNumbersTest_TestC1Ev
FN:21,_ZN50RandomGeneratorTest_GenerateRandomNumbersTest_TestD0Ev
FNDA:1,_ZN50RandomGeneratorTest_GenerateRandomNumbersTest_TestD0Ev
FN:21,_ZN50RandomGeneratorTest_GenerateRandomNumbersTest_TestD1Ev
FNDA:1,_ZN50RandomGeneratorTest_GenerateRandomNumbersTest_TestD1Ev
FN:21,_ZN50RandomGeneratorTest_GenerateRandomNumbersTest_Test8TestBodyEv
FNDA:1,_ZN50RandomGeneratorTest_GenerateRandomNumbersTest_Test8TestBodyEv
FNF:6
FNH:6
DA:10,1
DA:12,1
DA:13,1
DA:15,1
DA:17,1
DA:18,1
DA:21,1
DA:21,1
DA:21,1
DA:21,1
DA:23,1
DA:24,1
DA:26,1
DA:28,1
DA:30,1
DA:32,101
DA:34,100
DA:35,100
DA:37,1
LF:19
LH:19
end_of_record
SF:C:\msys64\mingw64\include\c++\14.1.0\bits\allocator.h
LF:0
LH:0
end_of_record
SF:C:\msys64\mingw64\include\c++\14.1.0\bits\new_allocator.h
FN:104,_ZNSt15__new_allocatorIcED2Ev
FNDA:0,_ZNSt15__new_allocatorIcED2Ev
FNF:1
FNH:0
DA:104,0
LF:1
LH:0
end_of_record
SF:C:\msys64\mingw64\include\c++\14.1.0\bits\char_traits.h
FN:385,_ZNSt11char_traitsIcE6lengthEPKc
FNDA:0,_ZNSt11char_traitsIcE6lengthEPKc
FNF:1
FNH:0
DA:385,0
DA:391,0
LF:2
LH:0
end_of_record
SF:C:\msys64\mingw64\include\c++\14.1.0\bits\move.h
FN:126,_ZSt4moveIRPNSt7__cxx1112basic_stringIcSt11char_traitsIcESaIcEEEEONSt16remove_referenceIT_E4typeEOS9_
FNDA:0,_ZSt4moveIRPNSt7__cxx1112basic_stringIcSt11char_traitsIcESaIcEEEEONSt16remove_referenceIT_E4typeEOS9_
FN:126,_ZSt4moveIRPNSt7__cxx1118basic_stringstreamIcSt11char_traitsIcESaIcEEEEONSt16remove_referenceIT_E4typeEOS9_
FNDA:0,_ZSt4moveIRPNSt7__cxx1118basic_stringstreamIcSt11char_traitsIcESaIcEEEEONSt16remove_referenceIT_E4typeEOS9_
FN:126,_ZSt4moveIRSaIcEEONSt16remove_referenceIT_E4typeEOS3_
FNDA:0,_ZSt4moveIRSaIcEEONSt16remove_referenceIT_E4typeEOS3_
FNF:3
FNH:0
DA:126,0
DA:127,0
DA:126,0
DA:127,0
DA:126,0
DA:127,0
LF:6
LH:0
end_of_record
SF:C:\workspace\matrixGenerator\include\RandomGeneratorAbstract.hpp
FN:7,_ZN23RandomGeneratorAbstractC2Ev
FNDA:0,_ZN23RandomGeneratorAbstractC2Ev
FNF:1
FNH:0
DA:7,0
LF:1
LH:0
end_of_record
SF:C:\workspace\matrixGenerator\include\RandomGenerator.hpp
FN:10,_ZN15RandomGeneratorC1Ev
FNDA:0,_ZN15RandomGeneratorC1Ev
FNF:1
FNH:0
DA:10,0
LF:1
LH:0
end_of_record
SF:C:\msys64\mingw64\include\c++\14.1.0\bits\unique_ptr.h
FN:87,_ZNKSt14default_deleteINSt7__cxx1118basic_stringstreamIcSt11char_traitsIcESaIcEEEEclEPS5_
FNDA:0,_ZNKSt14default_deleteINSt7__cxx1118basic_stringstreamIcSt11char_traitsIcESaIcEEEEclEPS5_
FN:87,_ZNKSt14default_deleteINSt7__cxx1112basic_stringIcSt11char_traitsIcESaIcEEEEclEPS5_
FNDA:0,_ZNKSt14default_deleteINSt7__cxx1112basic_stringIcSt11char_traitsIcESaIcEEEEclEPS5_
FN:191,_ZNSt15__uniq_ptr_implINSt7__cxx1118basic_stringstreamIcSt11char_traitsIcESaIcEEESt14default_deleteIS5_EE6_M_ptrEv
FNDA:0,_ZNSt15__uniq_ptr_implINSt7__cxx1118basic_stringstreamIcSt11char_traitsIcESaIcEEESt14default_deleteIS5_EE6_M_ptrEv
FN:191,_ZNSt15__uniq_ptr_implINSt7__cxx1112basic_stringIcSt11char_traitsIcESaIcEEESt14default_deleteIS5_EE6_M_ptrEv
FNDA:0,_ZNSt15__uniq_ptr_implINSt7__cxx1112basic_stringIcSt11char_traitsIcESaIcEEESt14default_deleteIS5_EE6_M_ptrEv
FN:193,_ZNKSt15__uniq_ptr_implINSt7__cxx1118basic_stringstreamIcSt11char_traitsIcESaIcEEESt14default_deleteIS5_EE6_M_ptrEv
FNDA:1822,_ZNKSt15__uniq_ptr_implINSt7__cxx1118basic_stringstreamIcSt11char_traitsIcESaIcEEESt14default_deleteIS5_EE6_M_ptrEv
FN:193,_ZNKSt15__uniq_ptr_implINSt7__cxx1112basic_stringIcSt11char_traitsIcESaIcEEESt14default_deleteIS5_EE6_M_ptrEv
FNDA:0,_ZNKSt15__uniq_ptr_implINSt7__cxx1112basic_stringIcSt11char_traitsIcESaIcEEESt14default_deleteIS5_EE6_M_ptrEv
FN:195,_ZNSt15__uniq_ptr_implINSt7__cxx1118basic_stringstreamIcSt11char_traitsIcESaIcEEESt14default_deleteIS5_EE10_M_deleterEv
FNDA:0,_ZNSt15__uniq_ptr_implINSt7__cxx1118basic_stringstreamIcSt11char_traitsIcESaIcEEESt14default_deleteIS5_EE10_M_deleterEv
FN:195,_ZNSt15__uniq_ptr_implINSt7__cxx1112basic_stringIcSt11char_traitsIcESaIcEEESt14default_deleteIS5_EE10_M_deleterEv
FNDA:0,_ZNSt15__uniq_ptr_implINSt7__cxx1112basic_stringIcSt11char_traitsIcESaIcEEESt14default_deleteIS5_EE10_M_deleterEv
FN:200,_ZNSt15__uniq_ptr_implINSt7__cxx1112basic_stringIcSt11char_traitsIcESaIcEEESt14default_deleteIS5_EE5resetEPS5_
FNDA:0,_ZNSt15__uniq_ptr_implINSt7__cxx1112basic_stringIcSt11char_traitsIcESaIcEEESt14default_deleteIS5_EE5resetEPS5_
FN:392,_ZNSt10unique_ptrINSt7__cxx1112basic_stringIcSt11char_traitsIcESaIcEEESt14default_deleteIS5_EED1Ev
FNDA:0,_ZNSt10unique_ptrINSt7__cxx1112basic_stringIcSt11char_traitsIcESaIcEEESt14default_deleteIS5_EED1Ev
FN:392,_ZNSt10unique_ptrINSt7__cxx1118basic_stringstreamIcSt11char_traitsIcESaIcEEESt14default_deleteIS5_EED1Ev
FNDA:0,_ZNSt10unique_ptrINSt7__cxx1118basic_stringstreamIcSt11char_traitsIcESaIcEEESt14default_deleteIS5_EED1Ev
FN:445,_ZNKSt10unique_ptrINSt7__cxx1118basic_stringstreamIcSt11char_traitsIcESaIcEEESt14default_deleteIS5_EEdeEv
FNDA:1621,_ZNKSt10unique_ptrINSt7__cxx1118basic_stringstreamIcSt11char_traitsIcESaIcEEESt14default_deleteIS5_EEdeEv
FN:454,_ZNKSt10unique_ptrINSt7__cxx1112basic_stringIcSt11char_traitsIcESaIcEEESt14default_deleteIS5_EEptEv
FNDA:0,_ZNKSt10unique_ptrINSt7__cxx1112basic_stringIcSt11char_traitsIcESaIcEEESt14default_deleteIS5_EEptEv
FN:463,_ZNKSt10unique_ptrINSt7__cxx1118basic_stringstreamIcSt11char_traitsIcESaIcEEESt14default_deleteIS5_EE3getEv
FNDA:1822,_ZNKSt10unique_ptrINSt7__cxx1118basic_stringstreamIcSt11char_traitsIcESaIcEEESt14default_deleteIS5_EE3getEv
FN:463,_ZNKSt10unique_ptrINSt7__cxx1112basic_stringIcSt11char_traitsIcESaIcEEESt14default_deleteIS5_EE3getEv
FNDA:0,_ZNKSt10unique_ptrINSt7__cxx1112basic_stringIcSt11char_traitsIcESaIcEEESt14default_deleteIS5_EE3getEv
FN:469,_ZNSt10unique_ptrINSt7__cxx1112basic_stringIcSt11char_traitsIcESaIcEEESt14default_deleteIS5_EE11get_deleterEv
FNDA:0,_ZNSt10unique_ptrINSt7__cxx1112basic_stringIcSt11char_traitsIcESaIcEEESt14default_deleteIS5_EE11get_deleterEv
FN:469,_ZNSt10unique_ptrINSt7__cxx1118basic_stringstreamIcSt11char_traitsIcESaIcEEESt14default_deleteIS5_EE11get_deleterEv
FNDA:0,_ZNSt10unique_ptrINSt7__cxx1118basic_stringstreamIcSt11char_traitsIcESaIcEEESt14default_deleteIS5_EE11get_deleterEv
FN:499,_ZNSt10unique_ptrINSt7__cxx1112basic_stringIcSt11char_traitsIcESaIcEEESt14default_deleteIS5_EE5resetEPS5_
FNDA:0,_ZNSt10unique_ptrINSt7__cxx1112basic_stringIcSt11char_traitsIcESaIcEEESt14default_deleteIS5_EE5resetEPS5_
FNF:18
FNH:3
DA:87,0
DA:93,0
DA:94,0
DA:87,0
DA:93,0
DA:94,0
DA:191,0
DA:191,0
DA:193,1822
DA:193,0
DA:195,0
DA:195,0
DA:200,0
DA:202,0
DA:203,0
DA:204,0
DA:205,0
DA:206,0
DA:392,0
DA:396,0
DA:397,0
DA:398,0
DA:399,0
DA:400,0
DA:392,0
DA:396,0
DA:397,0
DA:398,0
DA:399,0
DA:400,0
DA:445,1621
DA:447,1621
DA:448,1621
DA:454,0
DA:457,0
DA:463,1822
DA:464,1822
DA:463,0
DA:464,0
DA:469,0
DA:470,0
DA:469,0
DA:470,0
DA:499,0
DA:503,0
DA:504,0
LF:46
LH:6
end_of_record
SF:C:\workspace\matrixGenerator\build\_deps\googletest-src\googletest\include\gtest\gtest-message.h
FN:113,_ZN7testing7MessagelsIA5_cEERS0_RKT_
FNDA:0,_ZN7testing7MessagelsIA5_cEERS0_RKT_
FN:113,_ZN7testing7MessagelsINSt7__cxx1112basic_stringIcSt11char_traitsIcESaIcEEEEERS0_RKT_
FNDA:0,_ZN7testing7MessagelsINSt7__cxx1112basic_stringIcSt11char_traitsIcESaIcEEEEERS0_RKT_
FN:113,_ZN7testing7MessagelsIA3_cEERS0_RKT_
FNDA:0,_ZN7testing7MessagelsIA3_cEERS0_RKT_
FN:113,_ZN7testing7MessagelsIA12_cEERS0_RKT_
FNDA:0,_ZN7testing7MessagelsIA12_cEERS0_RKT_
FN:147,_ZN7testing7MessagelsIKcEERS0_RKPT_
FNDA:20,_ZN7testing7MessagelsIKcEERS0_RKPT_
FNF:5
FNH:1
DA:113,0
DA:129,0
DA:130,0
DA:113,0
DA:129,0
DA:130,0
DA:113,0
DA:129,0
DA:130,0
DA:113,0
DA:129,0
DA:130,0
DA:147,20
DA:148,20
DA:149,0
DA:151,20
DA:153,20
LF:17
LH:4
end_of_record
SF:C:\msys64\mingw64\include\c++\14.1.0\bits\basic_string.tcc
FN:221,_ZNSt7__cxx1112basic_stringIcSt11char_traitsIcESaIcEE12_M_constructIPcEEvT_S7_St20forward_iterator_tag
FNDA:0,_ZNSt7__cxx1112basic_stringIcSt11char_traitsIcESaIcEE12_M_constructIPcEEvT_S7_St20forward_iterator_tag
FN:221,_ZNSt7__cxx1112basic_stringIcSt11char_traitsIcESaIcEE12_M_constructIPKcEEvT_S8_St20forward_iterator_tag
FNDA:0,_ZNSt7__cxx1112basic_stringIcSt11char_traitsIcESaIcEE12_M_constructIPKcEEvT_S8_St20forward_iterator_tag
FN:239,_ZZNSt7__cxx1112basic_stringIcSt11char_traitsIcESaIcEE12_M_constructIPcEEvT_S7_St20forward_iterator_tagEN6_GuardC1EPS4_
FNDA:0,_ZZNSt7__cxx1112basic_stringIcSt11char_traitsIcESaIcEE12_M_constructIPcEEvT_S7_St20forward_iterator_tagEN6_GuardC1EPS4_
FN:239,_ZZNSt7__cxx1112basic_stringIcSt11char_traitsIcESaIcEE12_M_constructIPKcEEvT_S8_St20forward_iterator_tagEN6_GuardC1EPS4_
FNDA:0,_ZZNSt7__cxx1112basic_stringIcSt11char_traitsIcESaIcEE12_M_constructIPKcEEvT_S8_St20forward_iterator_tagEN6_GuardC1EPS4_
FN:242,_ZZNSt7__cxx1112basic_stringIcSt11char_traitsIcESaIcEE12_M_constructIPcEEvT_S7_St20forward_iterator_tagEN6_GuardD1Ev
FNDA:0,_ZZNSt7__cxx1112basic_stringIcSt11char_traitsIcESaIcEE12_M_constructIPcEEvT_S7_St20forward_iterator_tagEN6_GuardD1Ev
FN:242,_ZZNSt7__cxx1112basic_stringIcSt11char_traitsIcESaIcEE12_M_constructIPKcEEvT_S8_St20forward_iterator_tagEN6_GuardD1Ev
FNDA:0,_ZZNSt7__cxx1112basic_stringIcSt11char_traitsIcESaIcEE12_M_constructIPKcEEvT_S8_St20forward_iterator_tagEN6_GuardD1Ev
FNF:6
FNH:0
DA:221,0
DA:225,0
DA:227,0
DA:229,0
DA:230,0
DA:245,0
DA:247,0
DA:249,0
DA:251,0
DA:252,0
DA:221,0
DA:225,0
DA:227,0
DA:229,0
DA:230,0
DA:245,0
DA:247,0
DA:249,0
DA:251,0
DA:252,0
DA:239,0
DA:239,0
DA:242,0
DA:242,0
LF:24
LH:0
end_of_record
SF:C:\workspace\matrixGenerator\build\_deps\googletest-src\googletest\include\gtest\internal\gtest-port.h
FN:974,_ZN7testing8internal8GTestLog9GetStreamEv
FNDA:0,_ZN7testing8internal8GTestLog9GetStreamEv
FNF:1
FNH:0
DA:974,0
LF:1
LH:0
end_of_record
SF:C:\msys64\mingw64\include\c++\14.1.0\bits\stl_iterator_base_types.h
DA:240,0
LF:1
LH:0
end_of_record
SF:C:\msys64\mingw64\include\c++\14.1.0\bits\stl_iterator_base_funcs.h
DA:106,0
DA:151,0
DA:152,0
LF:3
LH:0
end_of_record
SF:C:\msys64\mingw64\include\c++\14.1.0\tuple
FN:133,_ZNSt10_Head_baseILy1ESt14default_deleteINSt7__cxx1112basic_stringIcSt11char_traitsIcESaIcEEEELb1EE7_M_headERS8_
FNDA:0,_ZNSt10_Head_baseILy1ESt14default_deleteINSt7__cxx1112basic_stringIcSt11char_traitsIcESaIcEEEELb1EE7_M_headERS8_
FN:133,_ZNSt10_Head_baseILy1ESt14default_deleteINSt7__cxx1118basic_stringstreamIcSt11char_traitsIcESaIcEEEELb1EE7_M_headERS8_
FNDA:0,_ZNSt10_Head_baseILy1ESt14default_deleteINSt7__cxx1118basic_stringstreamIcSt11char_traitsIcESaIcEEEELb1EE7_M_headERS8_
FN:242,_ZNSt10_Head_baseILy0EPNSt7__cxx1112basic_stringIcSt11char_traitsIcESaIcEEELb0EE7_M_headERS7_
FNDA:0,_ZNSt10_Head_baseILy0EPNSt7__cxx1112basic_stringIcSt11char_traitsIcESaIcEEELb0EE7_M_headERS7_
FN:242,_ZNSt10_Head_baseILy0EPNSt7__cxx1118basic_stringstreamIcSt11char_traitsIcESaIcEEELb0EE7_M_headERS7_
FNDA:0,_ZNSt10_Head_baseILy0EPNSt7__cxx1118basic_stringstreamIcSt11char_traitsIcESaIcEEELb0EE7_M_headERS7_
FN:245,_ZNSt10_Head_baseILy0EPNSt7__cxx1118basic_stringstreamIcSt11char_traitsIcESaIcEEELb0EE7_M_headERKS7_
FNDA:1822,_ZNSt10_Head_baseILy0EPNSt7__cxx1118basic_stringstreamIcSt11char_traitsIcESaIcEEELb0EE7_M_headERKS7_
FN:245,_ZNSt10_Head_baseILy0EPNSt7__cxx1112basic_stringIcSt11char_traitsIcESaIcEEELb0EE7_M_headERKS7_
FNDA:0,_ZNSt10_Head_baseILy0EPNSt7__cxx1112basic_stringIcSt11char_traitsIcESaIcEEELb0EE7_M_headERKS7_
FN:293,_ZNSt11_Tuple_implILy0EJPNSt7__cxx1112basic_stringIcSt11char_traitsIcESaIcEEESt14default_deleteIS5_EEE7_M_headERS9_
FNDA:0,_ZNSt11_Tuple_implILy0EJPNSt7__cxx1112basic_stringIcSt11char_traitsIcESaIcEEESt14default_deleteIS5_EEE7_M_headERS9_
FN:293,_ZNSt11_Tuple_implILy0EJPNSt7__cxx1118basic_stringstreamIcSt11char_traitsIcESaIcEEESt14default_deleteIS5_EEE7_M_headERS9_
FNDA:0,_ZNSt11_Tuple_implILy0EJPNSt7__cxx1118basic_stringstreamIcSt11char_traitsIcESaIcEEESt14default_deleteIS5_EEE7_M_headERS9_
FN:296,_ZNSt11_Tuple_implILy0EJPNSt7__cxx1118basic_stringstreamIcSt11char_traitsIcESaIcEEESt14default_deleteIS5_EEE7_M_headERKS9_
FNDA:1822,_ZNSt11_Tuple_implILy0EJPNSt7__cxx1118basic_stringstreamIcSt11char_traitsIcESaIcEEESt14default_deleteIS5_EEE7_M_headERKS9_
FN:296,_ZNSt11_Tuple_implILy0EJPNSt7__cxx1112basic_stringIcSt11char_traitsIcESaIcEEESt14default_deleteIS5_EEE7_M_headERKS9_
FNDA:0,_ZNSt11_Tuple_implILy0EJPNSt7__cxx1112basic_stringIcSt11char_traitsIcESaIcEEESt14default_deleteIS5_EEE7_M_headERKS9_
FN:556,_ZNSt11_Tuple_implILy1EJSt14default_deleteINSt7__cxx1118basic_stringstreamIcSt11char_traitsIcESaIcEEEEEE7_M_headERS8_
FNDA:0,_ZNSt11_Tuple_implILy1EJSt14default_deleteINSt7__cxx1118basic_stringstreamIcSt11char_traitsIcESaIcEEEEEE7_M_headERS8_
FN:556,_ZNSt11_Tuple_implILy1EJSt14default_deleteINSt7__cxx1112basic_stringIcSt11char_traitsIcESaIcEEEEEE7_M_headERS8_
FNDA:0,_ZNSt11_Tuple_implILy1EJSt14default_deleteINSt7__cxx1112basic_stringIcSt11char_traitsIcESaIcEEEEEE7_M_headERS8_
FN:2427,_ZSt12__get_helperILy1ESt14default_deleteINSt7__cxx1112basic_stringIcSt11char_traitsIcESaIcEEEEJEERT0_RSt11_Tuple_implIXT_EJS8_DpT1_EE
FNDA:0,_ZSt12__get_helperILy1ESt14default_deleteINSt7__cxx1112basic_stringIcSt11char_traitsIcESaIcEEEEJEERT0_RSt11_Tuple_implIXT_EJS8_DpT1_EE
FN:2427,_ZSt12__get_helperILy1ESt14default_deleteINSt7__cxx1118basic_stringstreamIcSt11char_traitsIcESaIcEEEEJEERT0_RSt11_Tuple_implIXT_EJS8_DpT1_EE
FNDA:0,_ZSt12__get_helperILy1ESt14default_deleteINSt7__cxx1118basic_stringstreamIcSt11char_traitsIcESaIcEEEEJEERT0_RSt11_Tuple_implIXT_EJS8_DpT1_EE
FN:2427,_ZSt12__get_helperILy0EPNSt7__cxx1112basic_stringIcSt11char_traitsIcESaIcEEEJSt14default_deleteIS5_EEERT0_RSt11_Tuple_implIXT_EJS9_DpT1_EE
FNDA:0,_ZSt12__get_helperILy0EPNSt7__cxx1112basic_stringIcSt11char_traitsIcESaIcEEEJSt14default_deleteIS5_EEERT0_RSt11_Tuple_implIXT_EJS9_DpT1_EE
FN:2427,_ZSt12__get_helperILy0EPNSt7__cxx1118basic_stringstreamIcSt11char_traitsIcESaIcEEEJSt14default_deleteIS5_EEERT0_RSt11_Tuple_implIXT_EJS9_DpT1_EE
FNDA:0,_ZSt12__get_helperILy0EPNSt7__cxx1118basic_stringstreamIcSt11char_traitsIcESaIcEEEJSt14default_deleteIS5_EEERT0_RSt11_Tuple_implIXT_EJS9_DpT1_EE
FN:2432,_ZSt12__get_helperILy0EPNSt7__cxx1118basic_stringstreamIcSt11char_traitsIcESaIcEEEJSt14default_deleteIS5_EEERKT0_RKSt11_Tuple_implIXT_EJS9_DpT1_EE
FNDA:1822,_ZSt12__get_helperILy0EPNSt7__cxx1118basic_stringstreamIcSt11char_traitsIcESaIcEEEJSt14default_deleteIS5_EEERKT0_RKSt11_Tuple_implIXT_EJS9_DpT1_EE
FN:2432,_ZSt12__get_helperILy0EPNSt7__cxx1112basic_stringIcSt11char_traitsIcESaIcEEEJSt14default_deleteIS5_EEERKT0_RKSt11_Tuple_implIXT_EJS9_DpT1_EE
FNDA:0,_ZSt12__get_helperILy0EPNSt7__cxx1112basic_stringIcSt11char_traitsIcESaIcEEEJSt14default_deleteIS5_EEERKT0_RKSt11_Tuple_implIXT_EJS9_DpT1_EE
FN:2443,_ZSt3getILy1EJPNSt7__cxx1118basic_stringstreamIcSt11char_traitsIcESaIcEEESt14default_deleteIS5_EEERNSt13tuple_elementIXT_ESt5tupleIJDpT0_EEE4typeERSD_
FNDA:0,_ZSt3getILy1EJPNSt7__cxx1118basic_stringstreamIcSt11char_traitsIcESaIcEEESt14default_deleteIS5_EEERNSt13tuple_elementIXT_ESt5tupleIJDpT0_EEE4typeERSD_
FN:2443,_ZSt3getILy1EJPNSt7__cxx1112basic_stringIcSt11char_traitsIcESaIcEEESt14default_deleteIS5_EEERNSt13tuple_elementIXT_ESt5tupleIJDpT0_EEE4typeERSD_
FNDA:0,_ZSt3getILy1EJPNSt7__cxx1112basic_stringIcSt11char_traitsIcESaIcEEESt14default_deleteIS5_EEERNSt13tuple_elementIXT_ESt5tupleIJDpT0_EEE4typeERSD_
FN:2443,_ZSt3getILy0EJPNSt7__cxx1112basic_stringIcSt11char_traitsIcESaIcEEESt14default_deleteIS5_EEERNSt13tuple_elementIXT_ESt5tupleIJDpT0_EEE4typeERSD_
FNDA:0,_ZSt3getILy0EJPNSt7__cxx1112basic_stringIcSt11char_traitsIcESaIcEEESt14default_deleteIS5_EEERNSt13tuple_elementIXT_ESt5tupleIJDpT0_EEE4typeERSD_
FN:2443,_ZSt3getILy0EJPNSt7__cxx1118basic_stringstreamIcSt11char_traitsIcESaIcEEESt14default_deleteIS5_EEERNSt13tuple_elementIXT_ESt5tupleIJDpT0_EEE4typeERSD_
FNDA:0,_ZSt3getILy0EJPNSt7__cxx1118basic_stringstreamIcSt11char_traitsIcESaIcEEESt14default_deleteIS5_EEERNSt13tuple_elementIXT_ESt5tupleIJDpT0_EEE4typeERSD_
FN:2449,_ZSt3getILy0EJPNSt7__cxx1118basic_stringstreamIcSt11char_traitsIcESaIcEEESt14default_deleteIS5_EEERKNSt13tuple_elementIXT_ESt5tupleIJDpT0_EEE4typeERKSD_
FNDA:1822,_ZSt3getILy0EJPNSt7__cxx1118basic_stringstreamIcSt11char_traitsIcESaIcEEESt14default_deleteIS5_EEERKNSt13tuple_elementIXT_ESt5tupleIJDpT0_EEE4typeERKSD_
FN:2449,_ZSt3getILy0EJPNSt7__cxx1112basic_stringIcSt11char_traitsIcESaIcEEESt14default_deleteIS5_EEERKNSt13tuple_elementIXT_ESt5tupleIJDpT0_EEE4typeERKSD_
FNDA:0,_ZSt3getILy0EJPNSt7__cxx1112basic_stringIcSt11char_traitsIcESaIcEEESt14default_deleteIS5_EEERKNSt13tuple_elementIXT_ESt5tupleIJDpT0_EEE4typeERKSD_
FNF:24
FNH:4
DA:133,0
DA:133,0
DA:242,0
DA:242,0
DA:245,1822
DA:245,0
DA:293,0
DA:293,0
DA:296,1822
DA:296,0
DA:556,0
DA:556,0
DA:2427,0
DA:2428,0
DA:2427,0
DA:2428,0
DA:2427,0
DA:2428,0
DA:2427,0
DA:2428,0
DA:2432,1822
DA:2433,1822
DA:2432,0
DA:2433,0
DA:2443,0
DA:2444,0
DA:2443,0
DA:2444,0
DA:2443,0
DA:2444,0
DA:2443,0
DA:2444,0
DA:2449,1822
DA:2450,1822
DA:2449,0
DA:2450,0
LF:36
LH:6
end_of_record
SF:C:\msys64\mingw64\include\c++\14.1.0\x86_64-w64-mingw32\bits\c++config.h
DA:550,1621
DA:606,0
LF:2
LH:1
end_of_record
TN:
SF:C:\workspace\matrixGenerator\tests\ReadWindowsSizeTest.cpp
FN:11,_ZN19ReadWindowsSizeTest5SetUpEv
FNDA:5,_ZN19ReadWindowsSizeTest5SetUpEv
FN:17,_ZN19ReadWindowsSizeTest8TearDownEv
FNDA:5,_ZN19ReadWindowsSizeTest8TearDownEv
FN:23,_ZN43ReadWindowsSizeTest_CheckSavedDataTest_TestC1Ev
FNDA:1,_ZN43ReadWindowsSizeTest_CheckSavedDataTest_TestC1Ev
FN:23,_ZN43ReadWindowsSizeTest_CheckSavedDataTest_Test8TestBodyEv
FNDA:1,_ZN43ReadWindowsSizeTest_CheckSavedDataTest_Test8TestBodyEv
FN:23,_ZN43ReadWindowsSizeTest_CheckSavedDataTest_TestD0Ev
FNDA:1,_ZN43ReadWindowsSizeTest_CheckSavedDataTest_TestD0Ev
FN:23,_ZN43ReadWindowsSizeTest_CheckSavedDataTest_TestD1Ev
FNDA:1,_ZN43ReadWindowsSizeTest_CheckSavedDataTest_TestD1Ev
FN:39,_ZN45ReadWindowsSizeTest_CheckWindowsSizeTest_TestC1Ev
FNDA:1,_ZN45ReadWindowsSizeTest_CheckWindowsSizeTest_TestC1Ev
FN:39,_ZN45ReadWindowsSizeTest_CheckWindowsSizeTest_Test8TestBodyEv
FNDA:1,_ZN45ReadWindowsSizeTest_CheckWindowsSizeTest_Test8TestBodyEv
FN:39,_ZN45ReadWindowsSizeTest_CheckWindowsSizeTest_TestD1Ev
FNDA:1,_ZN45ReadWindowsSizeTest_CheckWindowsSizeTest_TestD1Ev
FN:39,_ZN45ReadWindowsSizeTest_CheckWindowsSizeTest_TestD0Ev
FNDA:1,_ZN45ReadWindowsSizeTest_CheckWindowsSizeTest_TestD0Ev
FN:48,_ZN45ReadWindowsSizeTest_CheckColumnValueTest_TestD0Ev
FNDA:1,_ZN45ReadWindowsSizeTest_CheckColumnValueTest_TestD0Ev
FN:48,_ZN45ReadWindowsSizeTest_CheckColumnValueTest_TestD1Ev
FNDA:1,_ZN45ReadWindowsSizeTest_CheckColumnValueTest_TestD1Ev
FN:48,_ZN45ReadWindowsSizeTest_CheckColumnValueTest_Test8TestBodyEv
FNDA:1,_ZN45ReadWindowsSizeTest_CheckColumnValueTest_Test8TestBodyEv
FN:48,_ZN45ReadWindowsSizeTest_CheckColumnValueTest_TestC1Ev
FNDA:1,_ZN45ReadWindowsSizeTest_CheckColumnValueTest_TestC1Ev
FN:54,_ZN42ReadWindowsSizeTest_CheckRowValueTest_TestD0Ev
FNDA:1,_ZN42ReadWindowsSizeTest_CheckRowValueTest_TestD0Ev
FN:54,_ZN42ReadWindowsSizeTest_CheckRowValueTest_TestD1Ev
FNDA:1,_ZN42ReadWindowsSizeTest_CheckRowValueTest_TestD1Ev
FN:54,_ZN42ReadWindowsSizeTest_CheckRowValueTest_Test8TestBodyEv
FNDA:1,_ZN42ReadWindowsSizeTest_CheckRowValueTest_Test8TestBodyEv
FN:54,_ZN42ReadWindowsSizeTest_CheckRowValueTest_TestC1Ev
FNDA:1,_ZN42ReadWindowsSizeTest_CheckRowValueTest_TestC1Ev
FN:60,_ZN62ReadWindowsSizeTest_CheckPossibilityToSaveWindowsSizeTest_TestD0Ev
FNDA:1,_ZN62ReadWindowsSizeTest_CheckPossibilityToSaveWindowsSizeTest_TestD0Ev
FN:60,_ZN62ReadWindowsSizeTest_CheckPossibilityToSaveWindowsSizeTest_TestD1Ev
FNDA:1,_ZN62ReadWindowsSizeTest_CheckPossibilityToSaveWindowsSizeTest_TestD1Ev
FN:60,_ZN62ReadWindowsSizeTest_CheckPossibilityToSaveWindowsSizeTest_Test8TestBodyEv
FNDA:1,_ZN62ReadWindowsSizeTest_CheckPossibilityToSaveWindowsSizeTest_Test8TestBodyEv
FN:60,_ZN62ReadWindowsSizeTest_CheckPossibilityToSaveWindowsSizeTest_TestC1Ev
FNDA:1,_ZN62ReadWindowsSizeTest_CheckPossibilityToSaveWindowsSizeTest_TestC1Ev
FNF:22
FNH:22
DA:11,5
DA:13,5
DA:14,5
DA:15,5
DA:17,5
DA:19,5
DA:20,5
DA:23,1
DA:23,1
DA:23,1
DA:23,1
DA:25,2
DA:36,1
DA:37,1
DA:39,1
DA:39,1
DA:39,1
DA:39,1
DA:41,1
DA:42,1
DA:44,1
DA:45,1
DA:46,1
DA:48,1
DA:48,1
DA:48,1
DA:48,1
DA:50,1
DA:51,1
DA:52,1
DA:54,1
DA:54,1
DA:54,1
DA:54,1
DA:56,1
DA:57,1
DA:58,1
DA:60,1
DA:60,1
DA:60,1
DA:60,1
DA:62,1
DA:63,1
DA:65,1
DA:66,1
DA:68,2
DA:69,1
DA:70,1
DA:72,1
DA:73,1
DA:75,1
DA:76,1
LF:52
LH:52
end_of_record
SF:C:\msys64\mingw64\include\c++\14.1.0\x86_64-w64-mingw32\bits\c++config.h
DA:550,0
DA:606,0
LF:2
LH:0
end_of_record
SF:C:\msys64\mingw64\include\c++\14.1.0\tuple
FN:89,_ZNSt10_Head_baseILy1ESt14default_deleteINSt7__cxx1112basic_stringIcSt11char_traitsIcESaIcEEEELb1EEC2Ev
FNDA:0,_ZNSt10_Head_baseILy1ESt14default_deleteINSt7__cxx1112basic_stringIcSt11char_traitsIcESaIcEEEELb1EEC2Ev
[...]
FN:478,_ZZNSt6vectorIPN7testing9TestSuiteESaIS2_EE17_M_realloc_insertIJRKS2_EEEvN9__gnu_cxx17__normal_iteratorIPS2_S4_EEDpOT_EN6_GuardC1ESA_yRS3_
FNDA:0,_ZZNSt6vectorIPN7testing9TestSuiteESaIS2_EE17_M_realloc_insertIJRKS2_EEEvN9__gnu_cxx17__normal_iteratorIPS2_S4_EEDpOT_EN6_GuardC1ESA_yRS3_
FN:483,_ZZNSt6vectorIPN7testing9TestSuiteESaIS2_EE17_M_realloc_insertIJRKS2_EEEvN9__gnu_cxx17__normal_iteratorIPS2_S4_EEDpOT_EN6_GuardD1Ev
FNDA:0,_ZZNSt6vectorIPN7testing9TestSuiteESaIS2_EE17_M_realloc_insertIJRKS2_EEEvN9__gnu_cxx17__normal_iteratorIPS2_S4_EEDpOT_EN6_GuardD1Ev
FN:534,_ZZNSt6vectorIPN7testing9TestSuiteESaIS2_EE17_M_realloc_insertIJRKS2_EEEvN9__gnu_cxx17__normal_iteratorIPS2_S4_EEDpOT_EN11_Guard_eltsC1ESA_RS3_
FNDA:0,_ZZNSt6vectorIPN7testing9TestSuiteESaIS2_EE17_M_realloc_insertIJRKS2_EEEvN9__gnu_cxx17__normal_iteratorIPS2_S4_EEDpOT_EN11_Guard_eltsC1ESA_RS3_
FN:539,_ZZNSt6vectorIPN7testing9TestSuiteESaIS2_EE17_M_realloc_insertIJRKS2_EEEvN9__gnu_cxx17__normal_iteratorIPS2_S4_EEDpOT_EN11_Guard_eltsD1Ev
FNDA:0,_ZZNSt6vectorIPN7testing9TestSuiteESaIS2_EE17_M_realloc_insertIJRKS2_EEEvN9__gnu_cxx17__normal_iteratorIPS2_S4_EEDpOT_EN11_Guard_eltsD1Ev
FN:581,_ZNSt6vectorIN7testing8internal13edit_distance8EditTypeESaIS3_EE17_M_realloc_appendIJRKS3_EEEvDpOT_
FNDA:0,_ZNSt6vectorIN7testing8internal13edit_distance8EditTypeESaIS3_EE17_M_realloc_appendIJRKS3_EEEvDpOT_
FN:581,_ZNSt6vectorIN7testing8internal9TraceInfoESaIS2_EE17_M_realloc_appendIJRKS2_EEEvDpOT_
FNDA:0,_ZNSt6vectorIN7testing8internal9TraceInfoESaIS2_EE17_M_realloc_appendIJRKS2_EEEvDpOT_
FN:581,_ZNSt6vectorIiSaIiEE17_M_realloc_appendIJiEEEvDpOT_
FNDA:0,_ZNSt6vectorIiSaIiEE17_M_realloc_appendIJiEEEvDpOT_
FN:581,_ZNSt6vectorIPN7testing11EnvironmentESaIS2_EE17_M_realloc_appendIJRKS2_EEEvDpOT_
FNDA:0,_ZNSt6vectorIPN7testing11EnvironmentESaIS2_EE17_M_realloc_appendIJRKS2_EEEvDpOT_
FN:581,_ZNSt6vectorIPN7testing9TestSuiteESaIS2_EE17_M_realloc_appendIJRKS2_EEEvDpOT_
FNDA:3,_ZNSt6vectorIPN7testing9TestSuiteESaIS2_EE17_M_realloc_appendIJRKS2_EEEvDpOT_
FN:581,_ZNSt6vectorIN7testing14TestPartResultESaIS1_EE17_M_realloc_appendIJRKS1_EEEvDpOT_
FNDA:0,_ZNSt6vectorIN7testing14TestPartResultESaIS1_EE17_M_realloc_appendIJRKS1_EEEvDpOT_
FN:581,_ZNSt6vectorIySaIyEE17_M_realloc_appendIJyEEEvDpOT_
FNDA:0,_ZNSt6vectorIySaIyEE17_M_realloc_appendIJyEEEvDpOT_
FN:581,_ZNSt6vectorIPN7testing17TestEventListenerESaIS2_EE17_M_realloc_appendIJRKS2_EEEvDpOT_
FNDA:2,_ZNSt6vectorIPN7testing17TestEventListenerESaIS2_EE17_M_realloc_appendIJRKS2_EEEvDpOT_
FN:581,_ZNSt6vectorISt10shared_ptrIN7testing8internal26ThreadLocalValueHolderBaseEESaIS4_EE17_M_realloc_appendIJRKS4_EEEvDpOT_
FNDA:0,_ZNSt6vectorISt10shared_ptrIN7testing8internal26ThreadLocalValueHolderBaseEESaIS4_EE17_M_realloc_appendIJRKS4_EEEvDpOT_
FN:581,_ZNSt6vectorIPN7testing8TestInfoESaIS2_EE17_M_realloc_appendIJRKS2_EEEvDpOT_
FNDA:8,_ZNSt6vectorIPN7testing8TestInfoESaIS2_EE17_M_realloc_appendIJRKS2_EEEvDpOT_
FN:581,_ZNSt6vectorIN7testing12TestPropertyESaIS1_EE17_M_realloc_appendIJRKS1_EEEvDpOT_
FNDA:0,_ZNSt6vectorIN7testing12TestPropertyESaIS1_EE17_M_realloc_appendIJRKS1_EEEvDpOT_
FN:581,_ZNSt6vectorINSt7__cxx1112basic_stringIcSt11char_traitsIcESaIcEEESaIS5_EE17_M_realloc_appendIJS5_EEEvDpOT_
FNDA:2,_ZNSt6vectorINSt7__cxx1112basic_stringIcSt11char_traitsIcESaIcEEESaIS5_EE17_M_realloc_appendIJS5_EEEvDpOT_
FN:607,_ZZNSt6vectorIN7testing8internal9TraceInfoESaIS2_EE17_M_realloc_appendIJRKS2_EEEvDpOT_EN6_GuardC1EPS2_yRS3_
FNDA:0,_ZZNSt6vectorIN7testing8internal9TraceInfoESaIS2_EE17_M_realloc_appendIJRKS2_EEEvDpOT_EN6_GuardC1EPS2_yRS3_
FN:607,_ZZNSt6vectorIPN7testing11EnvironmentESaIS2_EE17_M_realloc_appendIJRKS2_EEEvDpOT_EN6_GuardC1EPS2_yRS3_
FNDA:0,_ZZNSt6vectorIPN7testing11EnvironmentESaIS2_EE17_M_realloc_appendIJRKS2_EEEvDpOT_EN6_GuardC1EPS2_yRS3_
FN:607,_ZZNSt6vectorIN7testing8internal13edit_distance8EditTypeESaIS3_EE17_M_realloc_appendIJRKS3_EEEvDpOT_EN6_GuardC1EPS3_yRS4_
FNDA:0,_ZZNSt6vectorIN7testing8internal13edit_distance8EditTypeESaIS3_EE17_M_realloc_appendIJRKS3_EEEvDpOT_EN6_GuardC1EPS3_yRS4_
FN:607,_ZZNSt6vectorIPN7testing17TestEventListenerESaIS2_EE17_M_realloc_appendIJRKS2_EEEvDpOT_EN6_GuardC1EPS2_yRS3_
FNDA:2,_ZZNSt6vectorIPN7testing17TestEventListenerESaIS2_EE17_M_realloc_appendIJRKS2_EEEvDpOT_EN6_GuardC1EPS2_yRS3_
FN:607,_ZZNSt6vectorIN7testing14TestPartResultESaIS1_EE17_M_realloc_appendIJRKS1_EEEvDpOT_EN6_GuardC1EPS1_yRS2_
FNDA:0,_ZZNSt6vectorIN7testing14TestPartResultESaIS1_EE17_M_realloc_appendIJRKS1_EEEvDpOT_EN6_GuardC1EPS1_yRS2_
FN:607,_ZZNSt6vectorIPN7testing8TestInfoESaIS2_EE17_M_realloc_appendIJRKS2_EEEvDpOT_EN6_GuardC1EPS2_yRS3_
FNDA:8,_ZZNSt6vectorIPN7testing8TestInfoESaIS2_EE17_M_realloc_appendIJRKS2_EEEvDpOT_EN6_GuardC1EPS2_yRS3_
FN:607,_ZZNSt6vectorIN7testing12TestPropertyESaIS1_EE17_M_realloc_appendIJRKS1_EEEvDpOT_EN6_GuardC1EPS1_yRS2_
FNDA:0,_ZZNSt6vectorIN7testing12TestPropertyESaIS1_EE17_M_realloc_appendIJRKS1_EEEvDpOT_EN6_GuardC1EPS1_yRS2_
FN:607,_ZZNSt6vectorIPN7testing9TestSuiteESaIS2_EE17_M_realloc_appendIJRKS2_EEEvDpOT_EN6_GuardC1EPS2_yRS3_
FNDA:3,_ZZNSt6vectorIPN7testing9TestSuiteESaIS2_EE17_M_realloc_appendIJRKS2_EEEvDpOT_EN6_GuardC1EPS2_yRS3_
FN:607,_ZZNSt6vectorINSt7__cxx1112basic_stringIcSt11char_traitsIcESaIcEEESaIS5_EE17_M_realloc_appendIJS5_EEEvDpOT_EN6_GuardC1EPS5_yRS6_
FNDA:2,_ZZNSt6vectorINSt7__cxx1112basic_stringIcSt11char_traitsIcESaIcEEESaIS5_EE17_M_realloc_appendIJS5_EEEvDpOT_EN6_GuardC1EPS5_yRS6_
FN:607,_ZZNSt6vectorIySaIyEE17_M_realloc_appendIJyEEEvDpOT_EN6_GuardC1EPyyRS0_
FNDA:0,_ZZNSt6vectorIySaIyEE17_M_realloc_appendIJyEEEvDpOT_EN6_GuardC1EPyyRS0_
FN:607,_ZZNSt6vectorIiSaIiEE17_M_realloc_appendIJiEEEvDpOT_EN6_GuardC1EPiyRS0_
FNDA:0,_ZZNSt6vectorIiSaIiEE17_M_realloc_appendIJiEEEvDpOT_EN6_GuardC1EPiyRS0_
FN:607,_ZZNSt6vectorISt10shared_ptrIN7testing8internal26ThreadLocalValueHolderBaseEESaIS4_EE17_M_realloc_appendIJRKS4_EEEvDpOT_EN6_GuardC1EPS4_yRS5_
FNDA:0,_ZZNSt6vectorISt10shared_ptrIN7testing8internal26ThreadLocalValueHolderBaseEESaIS4_EE17_M_realloc_appendIJRKS4_EEEvDpOT_EN6_GuardC1EPS4_yRS5_
FN:612,_ZZNSt6vectorIPN7testing9TestSuiteESaIS2_EE17_M_realloc_appendIJRKS2_EEEvDpOT_EN6_GuardD1Ev
FNDA:3,_ZZNSt6vectorIPN7testing9TestSuiteESaIS2_EE17_M_realloc_appendIJRKS2_EEEvDpOT_EN6_GuardD1Ev
FN:612,_ZZNSt6vectorIPN7testing8TestInfoESaIS2_EE17_M_realloc_appendIJRKS2_EEEvDpOT_EN6_GuardD1Ev
FNDA:8,_ZZNSt6vectorIPN7testing8TestInfoESaIS2_EE17_M_realloc_appendIJRKS2_EEEvDpOT_EN6_GuardD1Ev
FN:612,_ZZNSt6vectorIN7testing12TestPropertyESaIS1_EE17_M_realloc_appendIJRKS1_EEEvDpOT_EN6_GuardD1Ev
FNDA:0,_ZZNSt6vectorIN7testing12TestPropertyESaIS1_EE17_M_realloc_appendIJRKS1_EEEvDpOT_EN6_GuardD1Ev
FN:612,_ZZNSt6vectorINSt7__cxx1112basic_stringIcSt11char_traitsIcESaIcEEESaIS5_EE17_M_realloc_appendIJS5_EEEvDpOT_EN6_GuardD1Ev
FNDA:2,_ZZNSt6vectorINSt7__cxx1112basic_stringIcSt11char_traitsIcESaIcEEESaIS5_EE17_M_realloc_appendIJS5_EEEvDpOT_EN6_GuardD1Ev
FN:612,_ZZNSt6vectorIPN7testing17TestEventListenerESaIS2_EE17_M_realloc_appendIJRKS2_EEEvDpOT_EN6_GuardD1Ev
FNDA:2,_ZZNSt6vectorIPN7testing17TestEventListenerESaIS2_EE17_M_realloc_appendIJRKS2_EEEvDpOT_EN6_GuardD1Ev
FN:612,_ZZNSt6vectorIySaIyEE17_M_realloc_appendIJyEEEvDpOT_EN6_GuardD1Ev
FNDA:0,_ZZNSt6vectorIySaIyEE17_M_realloc_appendIJyEEEvDpOT_EN6_GuardD1Ev
FN:612,_ZZNSt6vectorIN7testing14TestPartResultESaIS1_EE17_M_realloc_appendIJRKS1_EEEvDpOT_EN6_GuardD1Ev
FNDA:0,_ZZNSt6vectorIN7testing14TestPartResultESaIS1_EE17_M_realloc_appendIJRKS1_EEEvDpOT_EN6_GuardD1Ev
FN:612,_ZZNSt6vectorISt10shared_ptrIN7testing8internal26ThreadLocalValueHolderBaseEESaIS4_EE17_M_realloc_appendIJRKS4_EEEvDpOT_EN6_GuardD1Ev
FNDA:0,_ZZNSt6vectorISt10shared_ptrIN7testing8internal26ThreadLocalValueHolderBaseEESaIS4_EE17_M_realloc_appendIJRKS4_EEEvDpOT_EN6_GuardD1Ev
FN:612,_ZZNSt6vectorIPN7testing11EnvironmentESaIS2_EE17_M_realloc_appendIJRKS2_EEEvDpOT_EN6_GuardD1Ev
FNDA:0,_ZZNSt6vectorIPN7testing11EnvironmentESaIS2_EE17_M_realloc_appendIJRKS2_EEEvDpOT_EN6_GuardD1Ev
FN:612,_ZZNSt6vectorIN7testing8internal13edit_distance8EditTypeESaIS3_EE17_M_realloc_appendIJRKS3_EEEvDpOT_EN6_GuardD1Ev
FNDA:0,_ZZNSt6vectorIN7testing8internal13edit_distance8EditTypeESaIS3_EE17_M_realloc_appendIJRKS3_EEEvDpOT_EN6_GuardD1Ev
FN:612,_ZZNSt6vectorIN7testing8internal9TraceInfoESaIS2_EE17_M_realloc_appendIJRKS2_EEEvDpOT_EN6_GuardD1Ev
FNDA:0,_ZZNSt6vectorIN7testing8internal9TraceInfoESaIS2_EE17_M_realloc_appendIJRKS2_EEEvDpOT_EN6_GuardD1Ev
FN:612,_ZZNSt6vectorIiSaIiEE17_M_realloc_appendIJiEEEvDpOT_EN6_GuardD1Ev
FNDA:0,_ZZNSt6vectorIiSaIiEE17_M_realloc_appendIJiEEEvDpOT_EN6_GuardD1Ev
FN:661,_ZZNSt6vectorIN7testing14TestPartResultESaIS1_EE17_M_realloc_appendIJRKS1_EEEvDpOT_EN11_Guard_eltsC1EPS1_RS2_
FNDA:0,_ZZNSt6vectorIN7testing14TestPartResultESaIS1_EE17_M_realloc_appendIJRKS1_EEEvDpOT_EN11_Guard_eltsC1EPS1_RS2_
FN:661,_ZZNSt6vectorIySaIyEE17_M_realloc_appendIJyEEEvDpOT_EN11_Guard_eltsC1EPyRS0_
FNDA:0,_ZZNSt6vectorIySaIyEE17_M_realloc_appendIJyEEEvDpOT_EN11_Guard_eltsC1EPyRS0_
FN:661,_ZZNSt6vectorIN7testing8internal13edit_distance8EditTypeESaIS3_EE17_M_realloc_appendIJRKS3_EEEvDpOT_EN11_Guard_eltsC1EPS3_RS4_
FNDA:0,_ZZNSt6vectorIN7testing8internal13edit_distance8EditTypeESaIS3_EE17_M_realloc_appendIJRKS3_EEEvDpOT_EN11_Guard_eltsC1EPS3_RS4_
FN:661,_ZZNSt6vectorIiSaIiEE17_M_realloc_appendIJiEEEvDpOT_EN11_Guard_eltsC1EPiRS0_
FNDA:0,_ZZNSt6vectorIiSaIiEE17_M_realloc_appendIJiEEEvDpOT_EN11_Guard_eltsC1EPiRS0_
FN:661,_ZZNSt6vectorIPN7testing8TestInfoESaIS2_EE17_M_realloc_appendIJRKS2_EEEvDpOT_EN11_Guard_eltsC1EPS2_RS3_
FNDA:0,_ZZNSt6vectorIPN7testing8TestInfoESaIS2_EE17_M_realloc_appendIJRKS2_EEEvDpOT_EN11_Guard_eltsC1EPS2_RS3_
FN:661,_ZZNSt6vectorIN7testing12TestPropertyESaIS1_EE17_M_realloc_appendIJRKS1_EEEvDpOT_EN11_Guard_eltsC1EPS1_RS2_
FNDA:0,_ZZNSt6vectorIN7testing12TestPropertyESaIS1_EE17_M_realloc_appendIJRKS1_EEEvDpOT_EN11_Guard_eltsC1EPS1_RS2_
FN:661,_ZZNSt6vectorINSt7__cxx1112basic_stringIcSt11char_traitsIcESaIcEEESaIS5_EE17_M_realloc_appendIJS5_EEEvDpOT_EN11_Guard_eltsC1EPS5_RS6_
FNDA:0,_ZZNSt6vectorINSt7__cxx1112basic_stringIcSt11char_traitsIcESaIcEEESaIS5_EE17_M_realloc_appendIJS5_EEEvDpOT_EN11_Guard_eltsC1EPS5_RS6_
FN:661,_ZZNSt6vectorIN7testing8internal9TraceInfoESaIS2_EE17_M_realloc_appendIJRKS2_EEEvDpOT_EN11_Guard_eltsC1EPS2_RS3_
FNDA:0,_ZZNSt6vectorIN7testing8internal9TraceInfoESaIS2_EE17_M_realloc_appendIJRKS2_EEEvDpOT_EN11_Guard_eltsC1EPS2_RS3_
FN:661,_ZZNSt6vectorIPN7testing17TestEventListenerESaIS2_EE17_M_realloc_appendIJRKS2_EEEvDpOT_EN11_Guard_eltsC1EPS2_RS3_
FNDA:0,_ZZNSt6vectorIPN7testing17TestEventListenerESaIS2_EE17_M_realloc_appendIJRKS2_EEEvDpOT_EN11_Guard_eltsC1EPS2_RS3_
FN:661,_ZZNSt6vectorIPN7testing9TestSuiteESaIS2_EE17_M_realloc_appendIJRKS2_EEEvDpOT_EN11_Guard_eltsC1EPS2_RS3_
FNDA:0,_ZZNSt6vectorIPN7testing9TestSuiteESaIS2_EE17_M_realloc_appendIJRKS2_EEEvDpOT_EN11_Guard_eltsC1EPS2_RS3_
FN:661,_ZZNSt6vectorISt10shared_ptrIN7testing8internal26ThreadLocalValueHolderBaseEESaIS4_EE17_M_realloc_appendIJRKS4_EEEvDpOT_EN11_Guard_eltsC1EPS4_RS5_
FNDA:0,_ZZNSt6vectorISt10shared_ptrIN7testing8internal26ThreadLocalValueHolderBaseEESaIS4_EE17_M_realloc_appendIJRKS4_EEEvDpOT_EN11_Guard_eltsC1EPS4_RS5_
FN:661,_ZZNSt6vectorIPN7testing11EnvironmentESaIS2_EE17_M_realloc_appendIJRKS2_EEEvDpOT_EN11_Guard_eltsC1EPS2_RS3_
FNDA:0,_ZZNSt6vectorIPN7testing11EnvironmentESaIS2_EE17_M_realloc_appendIJRKS2_EEEvDpOT_EN11_Guard_eltsC1EPS2_RS3_
FN:666,_ZZNSt6vectorIiSaIiEE17_M_realloc_appendIJiEEEvDpOT_EN11_Guard_eltsD1Ev
FNDA:0,_ZZNSt6vectorIiSaIiEE17_M_realloc_appendIJiEEEvDpOT_EN11_Guard_eltsD1Ev
FN:666,_ZZNSt6vectorINSt7__cxx1112basic_stringIcSt11char_traitsIcESaIcEEESaIS5_EE17_M_realloc_appendIJS5_EEEvDpOT_EN11_Guard_eltsD1Ev
FNDA:0,_ZZNSt6vectorINSt7__cxx1112basic_stringIcSt11char_traitsIcESaIcEEESaIS5_EE17_M_realloc_appendIJS5_EEEvDpOT_EN11_Guard_eltsD1Ev
FN:666,_ZZNSt6vectorIN7testing8internal9TraceInfoESaIS2_EE17_M_realloc_appendIJRKS2_EEEvDpOT_EN11_Guard_eltsD1Ev
FNDA:0,_ZZNSt6vectorIN7testing8internal9TraceInfoESaIS2_EE17_M_realloc_appendIJRKS2_EEEvDpOT_EN11_Guard_eltsD1Ev
FN:666,_ZZNSt6vectorIPN7testing9TestSuiteESaIS2_EE17_M_realloc_appendIJRKS2_EEEvDpOT_EN11_Guard_eltsD1Ev
FNDA:0,_ZZNSt6vectorIPN7testing9TestSuiteESaIS2_EE17_M_realloc_appendIJRKS2_EEEvDpOT_EN11_Guard_eltsD1Ev
FN:666,_ZZNSt6vectorIN7testing8internal13edit_distance8EditTypeESaIS3_EE17_M_realloc_appendIJRKS3_EEEvDpOT_EN11_Guard_eltsD1Ev
FNDA:0,_ZZNSt6vectorIN7testing8internal13edit_distance8EditTypeESaIS3_EE17_M_realloc_appendIJRKS3_EEEvDpOT_EN11_Guard_eltsD1Ev
FN:666,_ZZNSt6vectorIPN7testing11EnvironmentESaIS2_EE17_M_realloc_appendIJRKS2_EEEvDpOT_EN11_Guard_eltsD1Ev
FNDA:0,_ZZNSt6vectorIPN7testing11EnvironmentESaIS2_EE17_M_realloc_appendIJRKS2_EEEvDpOT_EN11_Guard_eltsD1Ev
FN:666,_ZZNSt6vectorIySaIyEE17_M_realloc_appendIJyEEEvDpOT_EN11_Guard_eltsD1Ev
FNDA:0,_ZZNSt6vectorIySaIyEE17_M_realloc_appendIJyEEEvDpOT_EN11_Guard_eltsD1Ev
FN:666,_ZZNSt6vectorIPN7testing17TestEventListenerESaIS2_EE17_M_realloc_appendIJRKS2_EEEvDpOT_EN11_Guard_eltsD1Ev
FNDA:0,_ZZNSt6vectorIPN7testing17TestEventListenerESaIS2_EE17_M_realloc_appendIJRKS2_EEEvDpOT_EN11_Guard_eltsD1Ev
FN:666,_ZZNSt6vectorIN7testing14TestPartResultESaIS1_EE17_M_realloc_appendIJRKS1_EEEvDpOT_EN11_Guard_eltsD1Ev
FNDA:0,_ZZNSt6vectorIN7testing14TestPartResultESaIS1_EE17_M_realloc_appendIJRKS1_EEEvDpOT_EN11_Guard_eltsD1Ev
FN:666,_ZZNSt6vectorISt10shared_ptrIN7testing8internal26ThreadLocalValueHolderBaseEESaIS4_EE17_M_realloc_appendIJRKS4_EEEvDpOT_EN11_Guard_eltsD1Ev
FNDA:0,_ZZNSt6vectorISt10shared_ptrIN7testing8internal26ThreadLocalValueHolderBaseEESaIS4_EE17_M_realloc_appendIJRKS4_EEEvDpOT_EN11_Guard_eltsD1Ev
FN:666,_ZZNSt6vectorIPN7testing8TestInfoESaIS2_EE17_M_realloc_appendIJRKS2_EEEvDpOT_EN11_Guard_eltsD1Ev
FNDA:0,_ZZNSt6vectorIPN7testing8TestInfoESaIS2_EE17_M_realloc_appendIJRKS2_EEEvDpOT_EN11_Guard_eltsD1Ev
FN:666,_ZZNSt6vectorIN7testing12TestPropertyESaIS1_EE17_M_realloc_appendIJRKS1_EEEvDpOT_EN11_Guard_eltsD1Ev
FNDA:0,_ZZNSt6vectorIN7testing12TestPropertyESaIS1_EE17_M_realloc_appendIJRKS1_EEEvDpOT_EN11_Guard_eltsD1Ev
FNF:71
FNH:13
DA:111,0
DA:114,0
DA:117,0
DA:119,0
DA:123,0
DA:127,0
DA:111,0
DA:114,0
DA:117,0
DA:119,0
DA:123,0
DA:127,0
DA:111,2
DA:114,2
DA:117,0
DA:119,0
DA:123,2
DA:127,2
DA:133,0
DA:140,0
DA:141,0
DA:143,0
DA:144,0
DA:145,0
DA:147,0
DA:150,0
DA:152,0
DA:158,0
DA:161,0
DA:162,0
DA:166,0
DA:170,0
DA:175,0
DA:181,0
DA:184,0
DA:185,0
DA:186,0
DA:187,0
DA:189,0
DA:420,0
DA:430,0
DA:431,0
DA:432,0
DA:437,0
DA:443,0
DA:445,0
DA:452,0
DA:461,0
DA:462,0
DA:463,0
DA:464,0
DA:465,0
DA:466,0
DA:467,0
DA:468,0
DA:478,0
DA:479,0
DA:480,0
DA:483,0
DA:485,0
DA:487,0
DA:488,0
DA:495,0
DA:505,0
DA:506,0
DA:515,0
DA:518,0
DA:519,0
DA:520,0
DA:521,0
DA:522,0
DA:534,0
DA:535,0
DA:536,0
DA:539,0
DA:540,0
DA:547,0
DA:549,0
DA:550,0
DA:551,0
DA:553,0
DA:555,0
DA:557,0
DA:558,0
DA:559,0
DA:562,0
DA:563,0
DA:564,0
DA:565,0
DA:566,0
DA:567,0
DA:571,0
DA:572,0
DA:573,0
DA:574,0
DA:581,0
DA:590,0
DA:591,0
DA:592,0
DA:593,0
DA:594,0
DA:595,0
DA:596,0
DA:597,0
DA:624,0
DA:634,0
DA:635,0
DA:644,0
DA:647,0
DA:648,0
DA:649,0
DA:674,0
DA:676,0
DA:678,0
DA:680,0
DA:683,0
DA:684,0
DA:685,0
DA:686,0
DA:687,0
DA:688,0
DA:692,0
DA:693,0
DA:694,0
DA:695,0
DA:581,0
DA:590,0
DA:591,0
DA:592,0
DA:593,0
DA:594,0
DA:595,0
DA:596,0
DA:597,0
DA:624,0
DA:634,0
DA:635,0
DA:644,0
DA:647,0
DA:648,0
DA:649,0
DA:674,0
DA:676,0
DA:678,0
DA:680,0
DA:683,0
DA:684,0
DA:685,0
DA:686,0
DA:687,0
DA:688,0
DA:692,0
DA:693,0
DA:694,0
DA:695,0
DA:581,2
DA:590,2
DA:591,2
DA:592,0
DA:593,2
DA:594,2
DA:595,2
DA:596,2
DA:597,2
DA:624,2
DA:634,4
DA:635,2
DA:644,2
DA:647,2
DA:648,2
DA:649,2
DA:674,0
DA:676,0
DA:678,0
DA:680,0
DA:683,0
DA:684,0
DA:685,0
DA:686,2
DA:687,2
DA:688,2
DA:692,2
DA:693,2
DA:694,2
DA:695,2
DA:581,0
DA:590,0
DA:591,0
DA:592,0
DA:593,0
DA:594,0
DA:595,0
DA:596,0
DA:597,0
DA:624,0
DA:634,0
DA:635,0
DA:644,0
DA:647,0
DA:648,0
DA:649,0
DA:674,0
DA:676,0
DA:678,0
DA:680,0
DA:683,0
DA:684,0
DA:685,0
DA:686,0
DA:687,0
DA:688,0
DA:692,0
DA:693,0
DA:694,0
DA:695,0
DA:581,3
DA:590,3
DA:591,3
DA:592,0
DA:593,3
DA:594,3
DA:595,3
DA:596,3
DA:597,3
DA:624,3
DA:634,6
DA:635,3
DA:644,3
DA:647,3
DA:648,3
DA:649,3
DA:674,0
DA:676,0
DA:678,0
DA:680,0
DA:683,0
DA:684,0
DA:685,0
DA:686,3
DA:687,3
DA:688,3
DA:692,3
DA:693,3
DA:694,3
DA:695,3
DA:581,0
DA:590,0
DA:591,0
DA:592,0
DA:593,0
DA:594,0
DA:595,0
DA:596,0
DA:597,0
DA:624,0
DA:634,0
DA:635,0
DA:644,0
DA:647,0
DA:648,0
DA:649,0
DA:674,0
DA:676,0
DA:678,0
DA:680,0
DA:683,0
DA:684,0
DA:685,0
DA:686,0
DA:687,0
DA:688,0
DA:692,0
DA:693,0
DA:694,0
DA:695,0
DA:581,0
DA:590,0
DA:591,0
DA:592,0
DA:593,0
DA:594,0
DA:595,0
DA:596,0
DA:597,0
DA:624,0
DA:634,0
DA:635,0
DA:644,0
DA:647,0
DA:648,0
DA:649,0
DA:674,0
DA:676,0
DA:678,0
DA:680,0
DA:683,0
DA:684,0
DA:685,0
DA:686,0
DA:687,0
DA:688,0
DA:692,0
DA:693,0
DA:694,0
DA:695,0
DA:581,2
DA:590,2
DA:591,2
DA:592,0
DA:593,2
DA:594,2
DA:595,2
DA:596,2
DA:597,2
DA:624,2
DA:634,4
DA:635,2
DA:644,2
DA:647,2
DA:648,2
DA:649,2
DA:674,0
DA:676,0
DA:678,0
DA:680,0
DA:683,0
DA:684,0
DA:685,0
DA:686,2
DA:687,2
DA:688,2
DA:692,2
DA:693,2
DA:694,2
DA:695,2
DA:581,8
DA:590,8
DA:591,8
DA:592,0
DA:593,8
DA:594,8
DA:595,8
DA:596,8
DA:597,8
DA:624,8
DA:634,16
DA:635,8
DA:644,8
DA:647,8
DA:648,8
DA:649,8
DA:674,0
DA:676,0
DA:678,0
DA:680,0
DA:683,0
DA:684,0
DA:685,0
DA:686,8
DA:687,8
DA:688,8
DA:692,8
DA:693,8
DA:694,8
DA:695,8
DA:581,0
DA:590,0
DA:591,0
DA:592,0
DA:593,0
DA:594,0
DA:595,0
DA:596,0
DA:597,0
DA:624,0
DA:634,0
DA:635,0
DA:644,0
DA:647,0
DA:648,0
DA:649,0
DA:674,0
DA:676,0
DA:678,0
DA:680,0
DA:683,0
DA:684,0
DA:685,0
DA:686,0
DA:687,0
DA:688,0
DA:692,0
DA:693,0
DA:694,0
DA:695,0
DA:581,0
DA:590,0
DA:591,0
DA:592,0
DA:593,0
DA:594,0
DA:595,0
DA:596,0
DA:597,0
DA:624,0
DA:634,0
DA:635,0
DA:644,0
DA:647,0
DA:648,0
DA:649,0
DA:674,0
DA:676,0
DA:678,0
DA:680,0
DA:683,0
DA:684,0
DA:685,0
DA:686,0
DA:687,0
DA:688,0
DA:692,0
DA:693,0
DA:694,0
DA:695,0
DA:581,0
DA:590,0
DA:591,0
DA:592,0
DA:593,0
DA:594,0
DA:595,0
DA:596,0
DA:597,0
DA:624,0
DA:634,0
DA:635,0
DA:644,0
DA:647,0
DA:648,0
DA:649,0
DA:674,0
DA:676,0
DA:678,0
DA:680,0
DA:683,0
DA:684,0
DA:685,0
DA:686,0
DA:687,0
DA:688,0
DA:692,0
DA:693,0
DA:694,0
DA:695,0
DA:607,0
DA:608,0
DA:609,0
DA:607,0
DA:608,0
DA:609,0
DA:607,2
DA:608,2
DA:609,2
DA:607,0
DA:608,0
DA:609,0
DA:607,3
DA:608,3
DA:609,3
DA:607,0
DA:608,0
DA:609,0
DA:607,0
DA:608,0
DA:609,0
DA:607,2
DA:608,2
DA:609,2
DA:607,8
DA:608,8
DA:609,8
DA:607,0
DA:608,0
DA:609,0
DA:607,0
DA:608,0
DA:609,0
DA:607,0
DA:608,0
DA:609,0
DA:612,0
DA:614,0
DA:616,0
DA:617,0
DA:612,0
DA:614,0
DA:616,0
DA:617,0
DA:612,2
DA:614,2
DA:616,1
DA:617,2
DA:612,0
DA:614,0
DA:616,0
DA:617,0
DA:612,3
DA:614,3
DA:616,2
DA:617,3
DA:612,0
DA:614,0
DA:616,0
DA:617,0
DA:612,0
DA:614,0
DA:616,0
DA:617,0
DA:612,2
DA:614,2
DA:616,1
DA:617,2
DA:612,8
DA:614,8
DA:616,4
DA:617,8
DA:612,0
DA:614,0
DA:616,0
DA:617,0
DA:612,0
DA:614,0
DA:616,0
DA:617,0
DA:612,0
DA:614,0
DA:616,0
DA:617,0
DA:661,0
DA:662,0
DA:663,0
DA:661,0
DA:662,0
DA:663,0
DA:661,0
DA:662,0
DA:663,0
DA:661,0
DA:662,0
DA:663,0
DA:661,0
DA:662,0
DA:663,0
DA:661,0
DA:662,0
DA:663,0
DA:661,0
DA:662,0
DA:663,0
DA:661,0
DA:662,0
DA:663,0
DA:661,0
DA:662,0
DA:663,0
DA:661,0
DA:662,0
DA:663,0
DA:661,0
DA:662,0
DA:663,0
DA:661,0
DA:662,0
DA:663,0
DA:666,0
DA:667,0
DA:666,0
DA:667,0
DA:666,0
DA:667,0
DA:666,0
DA:667,0
DA:666,0
DA:667,0
DA:666,0
DA:667,0
DA:666,0
DA:667,0
DA:666,0
DA:667,0
DA:666,0
DA:667,0
DA:666,0
DA:667,0
DA:666,0
DA:667,0
DA:666,0
DA:667,0
LF:599
LH:120
end_of_record
TN:
SF:C:\msys64\mingw64\include\stdio.h
FN:368,_Z6printfPKcz
FNDA:0,_Z6printfPKcz
FNF:1
FNH:0
DA:368,0
DA:371,0
DA:372,0
DA:373,0
DA:374,0
LF:5
LH:0
end_of_record
SF:C:\workspace\matrixGenerator\build\_deps\googletest-src\googletest\src\gtest_main.cc
FN:49,main
FNDA:1,main
FNF:1
FNH:1
DA:49,1
DA:50,1
DA:51,1
DA:52,1
LF:4
LH:4
end_of_record
SF:C:\workspace\matrixGenerator\build\_deps\googletest-src\googletest\include\gtest\gtest.h
FN:2489,_Z13RUN_ALL_TESTSv
FNDA:1,_Z13RUN_ALL_TESTSv
FNF:1
FNH:1
DA:2489,1
DA:2490,1
LF:2
LH:2
end_of_record
