<?xml version="1.0" encoding="UTF-8"?>
<testsuites tests="9" failures="0" disabled="0" errors="0" time="0.383" timestamp="2024-07-31T16:32:52.650" name="AllTests">
  <testsuite name="TimeMeasurementsTest" tests="2" failures="0" disabled="0" skipped="0" errors="0" time="0.181" timestamp="2024-07-31T16:32:52.650">
    <testcase name="MeasureTimeTest" status="run" result="completed" time="0.119" timestamp="2024-07-31T16:32:52.650" classname="TimeMeasurementsTest" />
    <testcase name="TimeValueTest" status="run" result="completed" time="0.061" timestamp="2024-07-31T16:32:52.770" classname="TimeMeasurementsTest" />
  </testsuite>
  <testsuite name="ReadWindowsSizeTest" tests="5" failures="0" disabled="0" skipped="0" errors="0" time="0.002" timestamp="2024-07-31T16:32:52.831">
    <testcase name="CheckSavedDataTest" status="run" result="completed" time="0" timestamp="2024-07-31T16:32:52.831" classname="ReadWindowsSizeTest" />
    <testcase name="CheckWindowsSizeTest" status="run" result="completed" time="0" timestamp="2024-07-31T16:32:52.832" classname="ReadWindowsSizeTest" />
    <testcase name="CheckColumnValueTest" status="run" result="completed" time="0" timestamp="2024-07-31T16:32:52.832" classname="ReadWindowsSizeTest" />
    <testcase name="CheckRowValueTest" status="run" result="completed" time="0" timestamp="2024-07-31T16:32:52.832" classname="ReadWindowsSizeTest" />
    <testcase name="CheckPossibilityToSaveWindowsSizeTest" status="run" result="completed" time="0.001" timestamp="2024-07-31T16:32:52.832" classname="ReadWindowsSizeTest" />
  </testsuite>
  <testsuite name="RandomGeneratorTest" tests="1" failures="0" disabled="0" skipped="0" errors="0" time="0" timestamp="2024-07-31T16:32:52.834">
    <testcase name="GenerateRandomNumbersTest" status="run" result="completed" time="0" timestamp="2024-07-31T16:32:52.834" classname="RandomGeneratorTest" />
  </testsuite>
  <testsuite name="PrintRandomNumbersTest" tests="1" failures="0" disabled="0" skipped="0" errors="0" time="0.199" timestamp="2024-07-31T16:32:52.834">
    <testcase name="PrintNumbersTest" status="run" result="completed" time="0.199" timestamp="2024-07-31T16:32:52.834" classname="PrintRandomNumbersTest" />
  </testsuite>
</testsuites>
